{"/Users/alex/Documents/Workspaces/ipld/js-car/src/buffer-writer.js":{"path":"/Users/alex/Documents/Workspaces/ipld/js-car/src/buffer-writer.js","all":false,"statementMap":{"0":{"start":{"line":1,"column":0},"end":{"line":1,"column":27}},"1":{"start":{"line":2,"column":0},"end":{"line":2,"column":35}},"2":{"start":{"line":3,"column":0},"end":{"line":3,"column":45}},"3":{"start":{"line":4,"column":0},"end":{"line":4,"column":38}},"4":{"start":{"line":5,"column":0},"end":{"line":5,"column":0}},"5":{"start":{"line":6,"column":0},"end":{"line":6,"column":3}},"6":{"start":{"line":7,"column":0},"end":{"line":7,"column":37}},"7":{"start":{"line":8,"column":0},"end":{"line":8,"column":41}},"8":{"start":{"line":9,"column":0},"end":{"line":9,"column":52}},"9":{"start":{"line":10,"column":0},"end":{"line":10,"column":60}},"10":{"start":{"line":11,"column":0},"end":{"line":11,"column":54}},"11":{"start":{"line":12,"column":0},"end":{"line":12,"column":3}},"12":{"start":{"line":13,"column":0},"end":{"line":13,"column":0}},"13":{"start":{"line":14,"column":0},"end":{"line":14,"column":3}},"14":{"start":{"line":15,"column":0},"end":{"line":15,"column":61}},"15":{"start":{"line":16,"column":0},"end":{"line":16,"column":2}},"16":{"start":{"line":17,"column":0},"end":{"line":17,"column":9}},"17":{"start":{"line":18,"column":0},"end":{"line":18,"column":24}},"18":{"start":{"line":19,"column":0},"end":{"line":19,"column":23}},"19":{"start":{"line":20,"column":0},"end":{"line":20,"column":3}},"20":{"start":{"line":21,"column":0},"end":{"line":21,"column":23}},"21":{"start":{"line":22,"column":0},"end":{"line":22,"column":5}},"22":{"start":{"line":23,"column":0},"end":{"line":23,"column":30}},"23":{"start":{"line":24,"column":0},"end":{"line":24,"column":31}},"24":{"start":{"line":25,"column":0},"end":{"line":25,"column":5}},"25":{"start":{"line":26,"column":0},"end":{"line":26,"column":35}},"26":{"start":{"line":27,"column":0},"end":{"line":27,"column":20}},"27":{"start":{"line":28,"column":0},"end":{"line":28,"column":22}},"28":{"start":{"line":29,"column":0},"end":{"line":29,"column":32}},"29":{"start":{"line":30,"column":0},"end":{"line":30,"column":0}},"30":{"start":{"line":31,"column":0},"end":{"line":31,"column":7}},"31":{"start":{"line":32,"column":0},"end":{"line":32,"column":16}},"32":{"start":{"line":33,"column":0},"end":{"line":33,"column":20}},"33":{"start":{"line":34,"column":0},"end":{"line":34,"column":7}},"34":{"start":{"line":35,"column":0},"end":{"line":35,"column":19}},"35":{"start":{"line":36,"column":0},"end":{"line":36,"column":32}},"36":{"start":{"line":37,"column":0},"end":{"line":37,"column":3}},"37":{"start":{"line":38,"column":0},"end":{"line":38,"column":0}},"38":{"start":{"line":39,"column":0},"end":{"line":39,"column":5}},"39":{"start":{"line":40,"column":0},"end":{"line":40,"column":77}},"40":{"start":{"line":41,"column":0},"end":{"line":41,"column":59}},"41":{"start":{"line":42,"column":0},"end":{"line":42,"column":4}},"42":{"start":{"line":43,"column":0},"end":{"line":43,"column":22}},"43":{"start":{"line":44,"column":0},"end":{"line":44,"column":41}},"44":{"start":{"line":45,"column":0},"end":{"line":45,"column":31}},"45":{"start":{"line":46,"column":0},"end":{"line":46,"column":5}},"46":{"start":{"line":47,"column":0},"end":{"line":47,"column":27}},"47":{"start":{"line":48,"column":0},"end":{"line":48,"column":32}},"48":{"start":{"line":49,"column":0},"end":{"line":49,"column":15}},"49":{"start":{"line":50,"column":0},"end":{"line":50,"column":3}},"50":{"start":{"line":51,"column":0},"end":{"line":51,"column":0}},"51":{"start":{"line":52,"column":0},"end":{"line":52,"column":5}},"52":{"start":{"line":53,"column":0},"end":{"line":53,"column":77}},"53":{"start":{"line":54,"column":0},"end":{"line":54,"column":44}},"54":{"start":{"line":55,"column":0},"end":{"line":55,"column":4}},"55":{"start":{"line":56,"column":0},"end":{"line":56,"column":67}},"56":{"start":{"line":57,"column":0},"end":{"line":57,"column":31}},"57":{"start":{"line":58,"column":0},"end":{"line":58,"column":5}},"58":{"start":{"line":59,"column":0},"end":{"line":59,"column":17}},"59":{"start":{"line":60,"column":0},"end":{"line":60,"column":25}},"60":{"start":{"line":61,"column":0},"end":{"line":61,"column":15}},"61":{"start":{"line":62,"column":0},"end":{"line":62,"column":3}},"62":{"start":{"line":63,"column":0},"end":{"line":63,"column":0}},"63":{"start":{"line":64,"column":0},"end":{"line":64,"column":5}},"64":{"start":{"line":65,"column":0},"end":{"line":65,"column":54}},"65":{"start":{"line":66,"column":0},"end":{"line":66,"column":4}},"66":{"start":{"line":67,"column":0},"end":{"line":67,"column":30}},"67":{"start":{"line":68,"column":0},"end":{"line":68,"column":38}},"68":{"start":{"line":69,"column":0},"end":{"line":69,"column":26}},"69":{"start":{"line":70,"column":0},"end":{"line":70,"column":5}},"70":{"start":{"line":71,"column":0},"end":{"line":71,"column":19}},"71":{"start":{"line":72,"column":0},"end":{"line":72,"column":31}},"72":{"start":{"line":73,"column":0},"end":{"line":73,"column":3}},"73":{"start":{"line":74,"column":0},"end":{"line":74,"column":1}},"74":{"start":{"line":75,"column":0},"end":{"line":75,"column":0}},"75":{"start":{"line":76,"column":0},"end":{"line":76,"column":3}},"76":{"start":{"line":77,"column":0},"end":{"line":77,"column":34}},"77":{"start":{"line":78,"column":0},"end":{"line":78,"column":20}},"78":{"start":{"line":79,"column":0},"end":{"line":79,"column":39}},"79":{"start":{"line":80,"column":0},"end":{"line":80,"column":3}},"80":{"start":{"line":81,"column":0},"end":{"line":81,"column":56}},"81":{"start":{"line":82,"column":0},"end":{"line":82,"column":36}},"82":{"start":{"line":83,"column":0},"end":{"line":83,"column":57}},"83":{"start":{"line":84,"column":0},"end":{"line":84,"column":25}},"84":{"start":{"line":85,"column":0},"end":{"line":85,"column":35}},"85":{"start":{"line":86,"column":0},"end":{"line":86,"column":50}},"86":{"start":{"line":87,"column":0},"end":{"line":87,"column":26}},"87":{"start":{"line":88,"column":0},"end":{"line":88,"column":64}},"88":{"start":{"line":89,"column":0},"end":{"line":89,"column":60}},"89":{"start":{"line":90,"column":0},"end":{"line":90,"column":41}},"90":{"start":{"line":91,"column":0},"end":{"line":91,"column":19}},"91":{"start":{"line":92,"column":0},"end":{"line":92,"column":34}},"92":{"start":{"line":93,"column":0},"end":{"line":93,"column":70}},"93":{"start":{"line":94,"column":0},"end":{"line":94,"column":14}},"94":{"start":{"line":95,"column":0},"end":{"line":95,"column":19}},"95":{"start":{"line":96,"column":0},"end":{"line":96,"column":96}},"96":{"start":{"line":97,"column":0},"end":{"line":97,"column":141}},"97":{"start":{"line":98,"column":0},"end":{"line":98,"column":7}},"98":{"start":{"line":99,"column":0},"end":{"line":99,"column":74}},"99":{"start":{"line":100,"column":0},"end":{"line":100,"column":12}},"100":{"start":{"line":101,"column":0},"end":{"line":101,"column":17}},"101":{"start":{"line":102,"column":0},"end":{"line":102,"column":75}},"102":{"start":{"line":103,"column":0},"end":{"line":103,"column":5}},"103":{"start":{"line":104,"column":0},"end":{"line":104,"column":3}},"104":{"start":{"line":105,"column":0},"end":{"line":105,"column":1}},"105":{"start":{"line":106,"column":0},"end":{"line":106,"column":0}},"106":{"start":{"line":107,"column":0},"end":{"line":107,"column":3}},"107":{"start":{"line":108,"column":0},"end":{"line":108,"column":80}},"108":{"start":{"line":109,"column":0},"end":{"line":109,"column":65}},"109":{"start":{"line":110,"column":0},"end":{"line":110,"column":2}},"110":{"start":{"line":111,"column":0},"end":{"line":111,"column":43}},"111":{"start":{"line":112,"column":0},"end":{"line":112,"column":23}},"112":{"start":{"line":113,"column":0},"end":{"line":113,"column":20}},"113":{"start":{"line":114,"column":0},"end":{"line":114,"column":3}},"114":{"start":{"line":115,"column":0},"end":{"line":115,"column":48}},"115":{"start":{"line":116,"column":0},"end":{"line":116,"column":54}},"116":{"start":{"line":117,"column":0},"end":{"line":117,"column":43}},"117":{"start":{"line":118,"column":0},"end":{"line":118,"column":1}},"118":{"start":{"line":119,"column":0},"end":{"line":119,"column":0}},"119":{"start":{"line":120,"column":0},"end":{"line":120,"column":3}},"120":{"start":{"line":121,"column":0},"end":{"line":121,"column":34}},"121":{"start":{"line":122,"column":0},"end":{"line":122,"column":23}},"122":{"start":{"line":123,"column":0},"end":{"line":123,"column":3}},"123":{"start":{"line":124,"column":0},"end":{"line":124,"column":53}},"124":{"start":{"line":125,"column":0},"end":{"line":125,"column":60}},"125":{"start":{"line":126,"column":0},"end":{"line":126,"column":40}},"126":{"start":{"line":127,"column":0},"end":{"line":127,"column":79}},"127":{"start":{"line":128,"column":0},"end":{"line":128,"column":65}},"128":{"start":{"line":129,"column":0},"end":{"line":129,"column":10}},"129":{"start":{"line":130,"column":0},"end":{"line":130,"column":28}},"130":{"start":{"line":131,"column":0},"end":{"line":131,"column":33}},"131":{"start":{"line":132,"column":0},"end":{"line":132,"column":29}},"132":{"start":{"line":133,"column":0},"end":{"line":133,"column":3}},"133":{"start":{"line":134,"column":0},"end":{"line":134,"column":1}},"134":{"start":{"line":135,"column":0},"end":{"line":135,"column":0}},"135":{"start":{"line":136,"column":0},"end":{"line":136,"column":3}},"136":{"start":{"line":137,"column":0},"end":{"line":137,"column":34}},"137":{"start":{"line":138,"column":0},"end":{"line":138,"column":28}},"138":{"start":{"line":139,"column":0},"end":{"line":139,"column":36}},"139":{"start":{"line":140,"column":0},"end":{"line":140,"column":3}},"140":{"start":{"line":141,"column":0},"end":{"line":141,"column":48}},"141":{"start":{"line":142,"column":0},"end":{"line":142,"column":36}},"142":{"start":{"line":143,"column":0},"end":{"line":143,"column":57}},"143":{"start":{"line":144,"column":0},"end":{"line":144,"column":0}},"144":{"start":{"line":145,"column":0},"end":{"line":145,"column":56}},"145":{"start":{"line":146,"column":0},"end":{"line":146,"column":55}},"146":{"start":{"line":147,"column":0},"end":{"line":147,"column":0}},"147":{"start":{"line":148,"column":0},"end":{"line":148,"column":58}},"148":{"start":{"line":149,"column":0},"end":{"line":149,"column":34}},"149":{"start":{"line":150,"column":0},"end":{"line":150,"column":0}},"150":{"start":{"line":151,"column":0},"end":{"line":151,"column":73}},"151":{"start":{"line":152,"column":0},"end":{"line":152,"column":22}},"152":{"start":{"line":153,"column":0},"end":{"line":153,"column":21}},"153":{"start":{"line":154,"column":0},"end":{"line":154,"column":49}},"154":{"start":{"line":155,"column":0},"end":{"line":155,"column":40}},"155":{"start":{"line":156,"column":0},"end":{"line":156,"column":79}},"156":{"start":{"line":157,"column":0},"end":{"line":157,"column":22}},"157":{"start":{"line":158,"column":0},"end":{"line":158,"column":30}},"158":{"start":{"line":159,"column":0},"end":{"line":159,"column":49}},"159":{"start":{"line":160,"column":0},"end":{"line":160,"column":47}},"160":{"start":{"line":161,"column":0},"end":{"line":161,"column":10}},"161":{"start":{"line":162,"column":0},"end":{"line":162,"column":56}},"162":{"start":{"line":163,"column":0},"end":{"line":163,"column":54}},"163":{"start":{"line":164,"column":0},"end":{"line":164,"column":3}},"164":{"start":{"line":165,"column":0},"end":{"line":165,"column":1}},"165":{"start":{"line":166,"column":0},"end":{"line":166,"column":0}},"166":{"start":{"line":167,"column":0},"end":{"line":167,"column":3}},"167":{"start":{"line":168,"column":0},"end":{"line":168,"column":34}},"168":{"start":{"line":169,"column":0},"end":{"line":169,"column":29}},"169":{"start":{"line":170,"column":0},"end":{"line":170,"column":3}},"170":{"start":{"line":171,"column":0},"end":{"line":171,"column":53}},"171":{"start":{"line":172,"column":0},"end":{"line":172,"column":38}},"172":{"start":{"line":173,"column":0},"end":{"line":173,"column":38}},"173":{"start":{"line":174,"column":0},"end":{"line":174,"column":70}},"174":{"start":{"line":175,"column":0},"end":{"line":175,"column":36}},"175":{"start":{"line":176,"column":0},"end":{"line":176,"column":46}},"176":{"start":{"line":177,"column":0},"end":{"line":177,"column":32}},"177":{"start":{"line":178,"column":0},"end":{"line":178,"column":1}},"178":{"start":{"line":179,"column":0},"end":{"line":179,"column":0}},"179":{"start":{"line":180,"column":0},"end":{"line":180,"column":3}},"180":{"start":{"line":181,"column":0},"end":{"line":181,"column":34}},"181":{"start":{"line":182,"column":0},"end":{"line":182,"column":37}},"182":{"start":{"line":183,"column":0},"end":{"line":183,"column":3}},"183":{"start":{"line":184,"column":0},"end":{"line":184,"column":0}},"184":{"start":{"line":185,"column":0},"end":{"line":185,"column":39}},"185":{"start":{"line":186,"column":0},"end":{"line":186,"column":44}},"186":{"start":{"line":187,"column":0},"end":{"line":187,"column":35}},"187":{"start":{"line":188,"column":0},"end":{"line":188,"column":1}},"188":{"start":{"line":189,"column":0},"end":{"line":189,"column":3}},"189":{"start":{"line":190,"column":0},"end":{"line":190,"column":37}},"190":{"start":{"line":191,"column":0},"end":{"line":191,"column":27}},"191":{"start":{"line":192,"column":0},"end":{"line":192,"column":29}},"192":{"start":{"line":193,"column":0},"end":{"line":193,"column":3}},"193":{"start":{"line":194,"column":0},"end":{"line":194,"column":52}},"194":{"start":{"line":195,"column":0},"end":{"line":195,"column":19}},"195":{"start":{"line":196,"column":0},"end":{"line":196,"column":34}},"196":{"start":{"line":197,"column":0},"end":{"line":197,"column":1}},"197":{"start":{"line":198,"column":0},"end":{"line":198,"column":0}},"198":{"start":{"line":199,"column":0},"end":{"line":199,"column":29}},"199":{"start":{"line":200,"column":0},"end":{"line":200,"column":25}},"200":{"start":{"line":201,"column":0},"end":{"line":201,"column":36}},"201":{"start":{"line":202,"column":0},"end":{"line":202,"column":26}},"202":{"start":{"line":203,"column":0},"end":{"line":203,"column":33}},"203":{"start":{"line":204,"column":0},"end":{"line":204,"column":1}},"204":{"start":{"line":205,"column":0},"end":{"line":205,"column":0}},"205":{"start":{"line":206,"column":0},"end":{"line":206,"column":39}},"206":{"start":{"line":207,"column":0},"end":{"line":207,"column":0}},"207":{"start":{"line":208,"column":0},"end":{"line":208,"column":3}},"208":{"start":{"line":209,"column":0},"end":{"line":209,"column":66}},"209":{"start":{"line":210,"column":0},"end":{"line":210,"column":2}},"210":{"start":{"line":211,"column":0},"end":{"line":211,"column":59}},"211":{"start":{"line":212,"column":0},"end":{"line":212,"column":32}},"212":{"start":{"line":213,"column":0},"end":{"line":213,"column":20}},"213":{"start":{"line":214,"column":0},"end":{"line":214,"column":3}},"214":{"start":{"line":215,"column":0},"end":{"line":215,"column":55}},"215":{"start":{"line":216,"column":0},"end":{"line":216,"column":41}},"216":{"start":{"line":217,"column":0},"end":{"line":217,"column":56}},"217":{"start":{"line":218,"column":0},"end":{"line":218,"column":41}},"218":{"start":{"line":219,"column":0},"end":{"line":219,"column":24}},"219":{"start":{"line":220,"column":0},"end":{"line":220,"column":66}},"220":{"start":{"line":221,"column":0},"end":{"line":221,"column":3}},"221":{"start":{"line":222,"column":0},"end":{"line":222,"column":95}},"222":{"start":{"line":223,"column":0},"end":{"line":223,"column":47}},"223":{"start":{"line":224,"column":0},"end":{"line":224,"column":1}},"224":{"start":{"line":225,"column":0},"end":{"line":225,"column":0}},"225":{"start":{"line":226,"column":0},"end":{"line":226,"column":3}},"226":{"start":{"line":227,"column":0},"end":{"line":227,"column":51}},"227":{"start":{"line":228,"column":0},"end":{"line":228,"column":2}},"228":{"start":{"line":229,"column":0},"end":{"line":229,"column":48}},"229":{"start":{"line":230,"column":0},"end":{"line":230,"column":26}},"230":{"start":{"line":231,"column":0},"end":{"line":231,"column":31}},"231":{"start":{"line":232,"column":0},"end":{"line":232,"column":20}},"232":{"start":{"line":233,"column":0},"end":{"line":233,"column":3}},"233":{"start":{"line":234,"column":0},"end":{"line":234,"column":42}},"234":{"start":{"line":235,"column":0},"end":{"line":235,"column":63}},"235":{"start":{"line":236,"column":0},"end":{"line":236,"column":0}},"236":{"start":{"line":237,"column":0},"end":{"line":237,"column":3}},"237":{"start":{"line":238,"column":0},"end":{"line":238,"column":80}},"238":{"start":{"line":239,"column":0},"end":{"line":239,"column":73}},"239":{"start":{"line":240,"column":0},"end":{"line":240,"column":77}},"240":{"start":{"line":241,"column":0},"end":{"line":241,"column":2}},"241":{"start":{"line":242,"column":0},"end":{"line":242,"column":74}},"242":{"start":{"line":243,"column":0},"end":{"line":243,"column":28}},"243":{"start":{"line":244,"column":0},"end":{"line":244,"column":35}},"244":{"start":{"line":245,"column":0},"end":{"line":245,"column":20}},"245":{"start":{"line":246,"column":0},"end":{"line":246,"column":3}},"246":{"start":{"line":247,"column":0},"end":{"line":247,"column":71}},"247":{"start":{"line":248,"column":0},"end":{"line":248,"column":66}},"248":{"start":{"line":249,"column":0},"end":{"line":249,"column":0}},"249":{"start":{"line":250,"column":0},"end":{"line":250,"column":3}},"250":{"start":{"line":251,"column":0},"end":{"line":251,"column":80}},"251":{"start":{"line":252,"column":0},"end":{"line":252,"column":79}},"252":{"start":{"line":253,"column":0},"end":{"line":253,"column":78}},"253":{"start":{"line":254,"column":0},"end":{"line":254,"column":78}},"254":{"start":{"line":255,"column":0},"end":{"line":255,"column":76}},"255":{"start":{"line":256,"column":0},"end":{"line":256,"column":72}},"256":{"start":{"line":257,"column":0},"end":{"line":257,"column":68}},"257":{"start":{"line":258,"column":0},"end":{"line":258,"column":2}},"258":{"start":{"line":259,"column":0},"end":{"line":259,"column":73}},"259":{"start":{"line":260,"column":0},"end":{"line":260,"column":52}},"260":{"start":{"line":261,"column":0},"end":{"line":261,"column":2}},"261":{"start":{"line":262,"column":0},"end":{"line":262,"column":56}},"262":{"start":{"line":263,"column":0},"end":{"line":263,"column":30}},"263":{"start":{"line":264,"column":0},"end":{"line":264,"column":28}},"264":{"start":{"line":265,"column":0},"end":{"line":265,"column":33}},"265":{"start":{"line":266,"column":0},"end":{"line":266,"column":39}},"266":{"start":{"line":267,"column":0},"end":{"line":267,"column":39}},"267":{"start":{"line":268,"column":0},"end":{"line":268,"column":39}},"268":{"start":{"line":269,"column":0},"end":{"line":269,"column":29}},"269":{"start":{"line":270,"column":0},"end":{"line":270,"column":3}},"270":{"start":{"line":271,"column":0},"end":{"line":271,"column":55}},"271":{"start":{"line":272,"column":0},"end":{"line":272,"column":9}},"272":{"start":{"line":273,"column":0},"end":{"line":273,"column":15}},"273":{"start":{"line":274,"column":0},"end":{"line":274,"column":19}},"274":{"start":{"line":275,"column":0},"end":{"line":275,"column":35}},"275":{"start":{"line":276,"column":0},"end":{"line":276,"column":40}},"276":{"start":{"line":277,"column":0},"end":{"line":277,"column":13}},"277":{"start":{"line":278,"column":0},"end":{"line":278,"column":62}},"278":{"start":{"line":279,"column":0},"end":{"line":279,"column":0}},"279":{"start":{"line":280,"column":0},"end":{"line":280,"column":55}},"280":{"start":{"line":281,"column":0},"end":{"line":281,"column":29}},"281":{"start":{"line":282,"column":0},"end":{"line":282,"column":24}},"282":{"start":{"line":283,"column":0},"end":{"line":283,"column":3}},"283":{"start":{"line":284,"column":0},"end":{"line":284,"column":0}},"284":{"start":{"line":285,"column":0},"end":{"line":285,"column":15}},"285":{"start":{"line":286,"column":0},"end":{"line":286,"column":1}}},"s":{"0":1,"1":1,"2":1,"3":1,"4":1,"5":1,"6":1,"7":1,"8":1,"9":1,"10":1,"11":1,"12":1,"13":1,"14":1,"15":1,"16":1,"17":1,"18":1,"19":1,"20":1,"21":1,"22":1,"23":1,"24":1,"25":1,"26":7,"27":7,"28":7,"29":7,"30":7,"31":7,"32":7,"33":7,"34":7,"35":7,"36":7,"37":1,"38":1,"39":1,"40":1,"41":1,"42":1,"43":1,"44":1,"45":1,"46":1,"47":13,"48":13,"49":13,"50":1,"51":1,"52":1,"53":1,"54":1,"55":1,"56":1,"57":1,"58":1,"59":14,"60":14,"61":14,"62":1,"63":1,"64":1,"65":1,"66":1,"67":1,"68":1,"69":1,"70":1,"71":8,"72":8,"73":1,"74":1,"75":1,"76":1,"77":1,"78":1,"79":1,"80":1,"81":13,"82":13,"83":13,"84":13,"85":13,"86":13,"87":4,"88":4,"89":2,"90":2,"91":1,"92":1,"93":1,"94":1,"95":1,"96":1,"97":1,"98":2,"99":4,"100":2,"101":2,"102":2,"103":4,"104":13,"105":1,"106":1,"107":1,"108":1,"109":1,"110":1,"111":1,"112":1,"113":1,"114":1,"115":2,"116":2,"117":2,"118":1,"119":1,"120":1,"121":1,"122":1,"123":1,"124":14,"125":14,"126":14,"127":1,"128":14,"129":13,"130":13,"131":13,"132":13,"133":14,"134":1,"135":1,"136":1,"137":1,"138":1,"139":1,"140":1,"141":8,"142":8,"143":8,"144":8,"145":8,"146":8,"147":8,"148":8,"149":8,"150":8,"151":8,"152":8,"153":6,"154":6,"155":6,"156":8,"157":1,"158":1,"159":1,"160":1,"161":1,"162":1,"163":1,"164":8,"165":1,"166":1,"167":1,"168":1,"169":1,"170":1,"171":2,"172":2,"173":2,"174":2,"175":2,"176":2,"177":2,"178":1,"179":1,"180":1,"181":1,"182":1,"183":1,"184":1,"185":39,"186":39,"187":39,"188":1,"189":1,"190":1,"191":1,"192":1,"193":1,"194":7,"195":7,"196":7,"197":1,"198":1,"199":1,"200":1,"201":1,"202":1,"203":1,"204":1,"205":1,"206":1,"207":1,"208":1,"209":1,"210":1,"211":1,"212":1,"213":1,"214":1,"215":44,"216":44,"217":44,"218":263652,"219":263652,"220":263652,"221":44,"222":44,"223":44,"224":1,"225":1,"226":1,"227":1,"228":1,"229":1,"230":1,"231":1,"232":1,"233":1,"234":15,"235":1,"236":1,"237":1,"238":1,"239":1,"240":1,"241":1,"242":1,"243":1,"244":1,"245":1,"246":1,"247":5,"248":1,"249":1,"250":1,"251":1,"252":1,"253":1,"254":1,"255":1,"256":1,"257":1,"258":1,"259":1,"260":1,"261":1,"262":1,"263":1,"264":1,"265":1,"266":1,"267":1,"268":1,"269":1,"270":1,"271":7,"272":7,"273":7,"274":7,"275":7,"276":7,"277":7,"278":7,"279":7,"280":7,"281":4,"282":4,"283":7,"284":7,"285":7},"branchMap":{"0":{"type":"branch","line":1,"loc":{"start":{"line":1,"column":0},"end":{"line":286,"column":1}},"locations":[{"start":{"line":1,"column":0},"end":{"line":286,"column":1}}]},"1":{"type":"branch","line":26,"loc":{"start":{"line":26,"column":2},"end":{"line":37,"column":3}},"locations":[{"start":{"line":26,"column":2},"end":{"line":37,"column":3}}]},"2":{"type":"branch","line":47,"loc":{"start":{"line":47,"column":2},"end":{"line":50,"column":3}},"locations":[{"start":{"line":47,"column":2},"end":{"line":50,"column":3}}]},"3":{"type":"branch","line":59,"loc":{"start":{"line":59,"column":2},"end":{"line":62,"column":3}},"locations":[{"start":{"line":59,"column":2},"end":{"line":62,"column":3}}]},"4":{"type":"branch","line":71,"loc":{"start":{"line":71,"column":2},"end":{"line":73,"column":3}},"locations":[{"start":{"line":71,"column":2},"end":{"line":73,"column":3}}]},"5":{"type":"branch","line":81,"loc":{"start":{"line":81,"column":23},"end":{"line":105,"column":1}},"locations":[{"start":{"line":81,"column":23},"end":{"line":105,"column":1}}]},"6":{"type":"branch","line":87,"loc":{"start":{"line":87,"column":25},"end":{"line":104,"column":3}},"locations":[{"start":{"line":87,"column":25},"end":{"line":104,"column":3}}]},"7":{"type":"branch","line":89,"loc":{"start":{"line":89,"column":59},"end":{"line":100,"column":11}},"locations":[{"start":{"line":89,"column":59},"end":{"line":100,"column":11}}]},"8":{"type":"branch","line":91,"loc":{"start":{"line":91,"column":18},"end":{"line":98,"column":7}},"locations":[{"start":{"line":91,"column":18},"end":{"line":98,"column":7}}]},"9":{"type":"branch","line":100,"loc":{"start":{"line":100,"column":4},"end":{"line":103,"column":5}},"locations":[{"start":{"line":100,"column":4},"end":{"line":103,"column":5}}]},"10":{"type":"branch","line":115,"loc":{"start":{"line":115,"column":27},"end":{"line":118,"column":1}},"locations":[{"start":{"line":115,"column":27},"end":{"line":118,"column":1}}]},"11":{"type":"branch","line":124,"loc":{"start":{"line":124,"column":24},"end":{"line":134,"column":1}},"locations":[{"start":{"line":124,"column":24},"end":{"line":134,"column":1}}]},"12":{"type":"branch","line":127,"loc":{"start":{"line":127,"column":78},"end":{"line":129,"column":9}},"locations":[{"start":{"line":127,"column":78},"end":{"line":129,"column":9}}]},"13":{"type":"branch","line":129,"loc":{"start":{"line":129,"column":2},"end":{"line":133,"column":3}},"locations":[{"start":{"line":129,"column":2},"end":{"line":133,"column":3}}]},"14":{"type":"branch","line":141,"loc":{"start":{"line":141,"column":21},"end":{"line":165,"column":1}},"locations":[{"start":{"line":141,"column":21},"end":{"line":165,"column":1}}]},"15":{"type":"branch","line":153,"loc":{"start":{"line":153,"column":20},"end":{"line":157,"column":13}},"locations":[{"start":{"line":153,"column":20},"end":{"line":157,"column":13}}]},"16":{"type":"branch","line":157,"loc":{"start":{"line":157,"column":2},"end":{"line":164,"column":3}},"locations":[{"start":{"line":157,"column":2},"end":{"line":164,"column":3}}]},"17":{"type":"branch","line":157,"loc":{"start":{"line":157,"column":21},"end":{"line":164,"column":3}},"locations":[{"start":{"line":157,"column":21},"end":{"line":164,"column":3}}]},"18":{"type":"branch","line":171,"loc":{"start":{"line":171,"column":28},"end":{"line":178,"column":1}},"locations":[{"start":{"line":171,"column":28},"end":{"line":178,"column":1}}]},"19":{"type":"branch","line":185,"loc":{"start":{"line":185,"column":19},"end":{"line":188,"column":1}},"locations":[{"start":{"line":185,"column":19},"end":{"line":188,"column":1}}]},"20":{"type":"branch","line":194,"loc":{"start":{"line":194,"column":20},"end":{"line":197,"column":1}},"locations":[{"start":{"line":194,"column":20},"end":{"line":197,"column":1}}]},"21":{"type":"branch","line":215,"loc":{"start":{"line":215,"column":37},"end":{"line":224,"column":1}},"locations":[{"start":{"line":215,"column":37},"end":{"line":224,"column":1}}]},"22":{"type":"branch","line":218,"loc":{"start":{"line":218,"column":40},"end":{"line":221,"column":3}},"locations":[{"start":{"line":218,"column":40},"end":{"line":221,"column":3}}]},"23":{"type":"branch","line":234,"loc":{"start":{"line":234,"column":28},"end":{"line":235,"column":63}},"locations":[{"start":{"line":234,"column":28},"end":{"line":235,"column":63}}]},"24":{"type":"branch","line":235,"loc":{"start":{"line":235,"column":34},"end":{"line":235,"column":61}},"locations":[{"start":{"line":235,"column":34},"end":{"line":235,"column":61}}]},"25":{"type":"branch","line":247,"loc":{"start":{"line":247,"column":36},"end":{"line":248,"column":66}},"locations":[{"start":{"line":247,"column":36},"end":{"line":248,"column":66}}]},"26":{"type":"branch","line":271,"loc":{"start":{"line":271,"column":28},"end":{"line":286,"column":1}},"locations":[{"start":{"line":271,"column":28},"end":{"line":286,"column":1}}]},"27":{"type":"branch","line":281,"loc":{"start":{"line":281,"column":28},"end":{"line":283,"column":3}},"locations":[{"start":{"line":281,"column":28},"end":{"line":283,"column":3}}]}},"b":{"0":[1],"1":[7],"2":[13],"3":[14],"4":[8],"5":[13],"6":[4],"7":[2],"8":[1],"9":[2],"10":[2],"11":[14],"12":[1],"13":[13],"14":[8],"15":[6],"16":[2],"17":[1],"18":[2],"19":[39],"20":[7],"21":[44],"22":[263652],"23":[15],"24":[23],"25":[5],"26":[7],"27":[4]},"fnMap":{"0":{"name":"src/buffer-writer.js","decl":{"start":{"line":1,"column":0},"end":{"line":286,"column":1}},"loc":{"start":{"line":1,"column":0},"end":{"line":286,"column":1}},"line":1},"1":{"name":"CarBufferWriter","decl":{"start":{"line":26,"column":2},"end":{"line":37,"column":3}},"loc":{"start":{"line":26,"column":2},"end":{"line":37,"column":3}},"line":26},"2":{"name":"addRoot","decl":{"start":{"line":47,"column":2},"end":{"line":50,"column":3}},"loc":{"start":{"line":47,"column":2},"end":{"line":50,"column":3}},"line":47},"3":{"name":"write","decl":{"start":{"line":59,"column":2},"end":{"line":62,"column":3}},"loc":{"start":{"line":59,"column":2},"end":{"line":62,"column":3}},"line":59},"4":{"name":"close","decl":{"start":{"line":71,"column":2},"end":{"line":73,"column":3}},"loc":{"start":{"line":71,"column":2},"end":{"line":73,"column":3}},"line":71},"5":{"name":"addRoot","decl":{"start":{"line":81,"column":23},"end":{"line":105,"column":1}},"loc":{"start":{"line":81,"column":23},"end":{"line":105,"column":1}},"line":81},"6":{"name":"blockLength","decl":{"start":{"line":115,"column":27},"end":{"line":118,"column":1}},"loc":{"start":{"line":115,"column":27},"end":{"line":118,"column":1}},"line":115},"7":{"name":"addBlock","decl":{"start":{"line":124,"column":24},"end":{"line":134,"column":1}},"loc":{"start":{"line":124,"column":24},"end":{"line":134,"column":1}},"line":124},"8":{"name":"close","decl":{"start":{"line":141,"column":21},"end":{"line":165,"column":1}},"loc":{"start":{"line":141,"column":21},"end":{"line":165,"column":1}},"line":141},"9":{"name":"resizeHeader","decl":{"start":{"line":171,"column":28},"end":{"line":178,"column":1}},"loc":{"start":{"line":171,"column":28},"end":{"line":178,"column":1}},"line":171},"10":{"name":"writeBytes","decl":{"start":{"line":185,"column":19},"end":{"line":188,"column":1}},"loc":{"start":{"line":185,"column":19},"end":{"line":188,"column":1}},"line":185},"11":{"name":"writeHeader","decl":{"start":{"line":194,"column":20},"end":{"line":197,"column":1}},"loc":{"start":{"line":194,"column":20},"end":{"line":197,"column":1}},"line":194},"12":{"name":"calculateHeaderLength","decl":{"start":{"line":215,"column":37},"end":{"line":224,"column":1}},"loc":{"start":{"line":215,"column":37},"end":{"line":224,"column":1}},"line":215},"13":{"name":"headerLength","decl":{"start":{"line":234,"column":28},"end":{"line":235,"column":63}},"loc":{"start":{"line":234,"column":28},"end":{"line":235,"column":63}},"line":234},"14":{"name":"estimateHeaderLength","decl":{"start":{"line":247,"column":36},"end":{"line":248,"column":66}},"loc":{"start":{"line":247,"column":36},"end":{"line":248,"column":66}},"line":247},"15":{"name":"createWriter","decl":{"start":{"line":271,"column":28},"end":{"line":286,"column":1}},"loc":{"start":{"line":271,"column":28},"end":{"line":286,"column":1}},"line":271}},"f":{"0":1,"1":7,"2":13,"3":14,"4":8,"5":13,"6":2,"7":14,"8":8,"9":2,"10":39,"11":7,"12":44,"13":15,"14":5,"15":7}},"/Users/alex/Documents/Workspaces/ipld/js-car/src/header-validator.js":{"path":"/Users/alex/Documents/Workspaces/ipld/js-car/src/header-validator.js","all":false,"statementMap":{"0":{"start":{"line":1,"column":0},"end":{"line":1,"column":44}},"1":{"start":{"line":2,"column":0},"end":{"line":2,"column":0}},"2":{"start":{"line":3,"column":0},"end":{"line":3,"column":92}},"3":{"start":{"line":4,"column":0},"end":{"line":4,"column":2}},"4":{"start":{"line":5,"column":0},"end":{"line":5,"column":26}},"5":{"start":{"line":6,"column":0},"end":{"line":6,"column":16}},"6":{"start":{"line":7,"column":0},"end":{"line":7,"column":26}},"7":{"start":{"line":8,"column":0},"end":{"line":8,"column":79}},"8":{"start":{"line":9,"column":0},"end":{"line":9,"column":65}},"9":{"start":{"line":10,"column":0},"end":{"line":10,"column":4}},"10":{"start":{"line":11,"column":0},"end":{"line":11,"column":2}},"11":{"start":{"line":12,"column":0},"end":{"line":12,"column":3}},"12":{"start":{"line":13,"column":0},"end":{"line":13,"column":0}},"13":{"start":{"line":14,"column":0},"end":{"line":14,"column":15}},"14":{"start":{"line":15,"column":0},"end":{"line":15,"column":11}},"15":{"start":{"line":16,"column":0},"end":{"line":16,"column":27}},"16":{"start":{"line":17,"column":0},"end":{"line":17,"column":29}},"17":{"start":{"line":18,"column":0},"end":{"line":18,"column":53}},"18":{"start":{"line":19,"column":0},"end":{"line":19,"column":10}},"19":{"start":{"line":20,"column":0},"end":{"line":20,"column":26}},"20":{"start":{"line":21,"column":0},"end":{"line":21,"column":28}},"21":{"start":{"line":22,"column":0},"end":{"line":22,"column":61}},"22":{"start":{"line":23,"column":0},"end":{"line":23,"column":12}},"23":{"start":{"line":24,"column":0},"end":{"line":24,"column":28}},"24":{"start":{"line":25,"column":0},"end":{"line":25,"column":30}},"25":{"start":{"line":26,"column":0},"end":{"line":26,"column":89}},"26":{"start":{"line":27,"column":0},"end":{"line":27,"column":13}},"27":{"start":{"line":28,"column":0},"end":{"line":28,"column":29}},"28":{"start":{"line":29,"column":0},"end":{"line":29,"column":31}},"29":{"start":{"line":30,"column":0},"end":{"line":30,"column":66}},"30":{"start":{"line":31,"column":0},"end":{"line":31,"column":11}},"31":{"start":{"line":32,"column":0},"end":{"line":32,"column":27}},"32":{"start":{"line":33,"column":0},"end":{"line":33,"column":29}},"33":{"start":{"line":34,"column":0},"end":{"line":34,"column":65}},"34":{"start":{"line":35,"column":0},"end":{"line":35,"column":12}},"35":{"start":{"line":36,"column":0},"end":{"line":36,"column":28}},"36":{"start":{"line":37,"column":0},"end":{"line":37,"column":30}},"37":{"start":{"line":38,"column":0},"end":{"line":38,"column":67}},"38":{"start":{"line":39,"column":0},"end":{"line":39,"column":11}},"39":{"start":{"line":40,"column":0},"end":{"line":40,"column":27}},"40":{"start":{"line":41,"column":0},"end":{"line":41,"column":29}},"41":{"start":{"line":42,"column":0},"end":{"line":42,"column":105}},"42":{"start":{"line":43,"column":0},"end":{"line":43,"column":11}},"43":{"start":{"line":44,"column":0},"end":{"line":44,"column":27}},"44":{"start":{"line":45,"column":0},"end":{"line":45,"column":29}},"45":{"start":{"line":46,"column":0},"end":{"line":46,"column":59}},"46":{"start":{"line":47,"column":0},"end":{"line":47,"column":10}},"47":{"start":{"line":48,"column":0},"end":{"line":48,"column":26}},"48":{"start":{"line":49,"column":0},"end":{"line":49,"column":28}},"49":{"start":{"line":50,"column":0},"end":{"line":50,"column":144}},"50":{"start":{"line":51,"column":0},"end":{"line":51,"column":1}},"51":{"start":{"line":52,"column":0},"end":{"line":52,"column":51}},"52":{"start":{"line":53,"column":0},"end":{"line":53,"column":15}},"53":{"start":{"line":54,"column":0},"end":{"line":54,"column":17}},"54":{"start":{"line":55,"column":0},"end":{"line":55,"column":28}},"55":{"start":{"line":56,"column":0},"end":{"line":56,"column":44}},"56":{"start":{"line":57,"column":0},"end":{"line":57,"column":46}},"57":{"start":{"line":58,"column":0},"end":{"line":58,"column":72}},"58":{"start":{"line":59,"column":0},"end":{"line":59,"column":60}},"59":{"start":{"line":60,"column":0},"end":{"line":60,"column":33}},"60":{"start":{"line":61,"column":0},"end":{"line":61,"column":49}},"61":{"start":{"line":62,"column":0},"end":{"line":62,"column":51}},"62":{"start":{"line":63,"column":0},"end":{"line":63,"column":167}},"63":{"start":{"line":64,"column":0},"end":{"line":64,"column":26}},"64":{"start":{"line":65,"column":0},"end":{"line":65,"column":42}},"65":{"start":{"line":66,"column":0},"end":{"line":66,"column":44}},"66":{"start":{"line":67,"column":0},"end":{"line":67,"column":94}},"67":{"start":{"line":68,"column":0},"end":{"line":68,"column":16}},"68":{"start":{"line":69,"column":0},"end":{"line":69,"column":32}},"69":{"start":{"line":70,"column":0},"end":{"line":70,"column":34}},"70":{"start":{"line":71,"column":0},"end":{"line":71,"column":271}},"71":{"start":{"line":72,"column":0},"end":{"line":72,"column":1}},"72":{"start":{"line":73,"column":0},"end":{"line":73,"column":0}},"73":{"start":{"line":74,"column":0},"end":{"line":74,"column":40}}},"s":{"0":1,"1":1,"2":1,"3":1,"4":1,"5":1,"6":1,"7":1,"8":1,"9":1,"10":1,"11":1,"12":1,"13":1,"14":1,"15":1,"16":1,"17":1,"18":1,"19":1,"20":1,"21":1,"22":1,"23":1,"24":1,"25":1,"26":1,"27":1,"28":1,"29":1,"30":1,"31":1,"32":1,"33":1,"34":1,"35":1,"36":1,"37":1,"38":1,"39":1,"40":1,"41":1,"42":1,"43":1,"44":1,"45":1,"46":1,"47":1,"48":1,"49":1,"50":1,"51":1,"52":1,"53":1,"54":1,"55":1,"56":1,"57":1,"58":1,"59":1,"60":1,"61":1,"62":1,"63":1,"64":1,"65":1,"66":1,"67":1,"68":1,"69":1,"70":1,"71":1,"72":1,"73":1},"branchMap":{"0":{"type":"branch","line":1,"loc":{"start":{"line":1,"column":0},"end":{"line":74,"column":40}},"locations":[{"start":{"line":1,"column":0},"end":{"line":74,"column":40}}]},"1":{"type":"branch","line":18,"loc":{"start":{"line":18,"column":12},"end":{"line":18,"column":53}},"locations":[{"start":{"line":18,"column":12},"end":{"line":18,"column":53}}]},"2":{"type":"branch","line":22,"loc":{"start":{"line":22,"column":11},"end":{"line":22,"column":61}},"locations":[{"start":{"line":22,"column":11},"end":{"line":22,"column":61}}]},"3":{"type":"branch","line":38,"loc":{"start":{"line":38,"column":13},"end":{"line":38,"column":67}},"locations":[{"start":{"line":38,"column":13},"end":{"line":38,"column":67}}]},"4":{"type":"branch","line":42,"loc":{"start":{"line":42,"column":12},"end":{"line":42,"column":105}},"locations":[{"start":{"line":42,"column":12},"end":{"line":42,"column":105}}]},"5":{"type":"branch","line":46,"loc":{"start":{"line":46,"column":12},"end":{"line":46,"column":59}},"locations":[{"start":{"line":46,"column":12},"end":{"line":46,"column":59}}]},"6":{"type":"branch","line":50,"loc":{"start":{"line":50,"column":11},"end":{"line":50,"column":144}},"locations":[{"start":{"line":50,"column":11},"end":{"line":50,"column":144}}]},"7":{"type":"branch","line":50,"loc":{"start":{"line":50,"column":54},"end":{"line":50,"column":86}},"locations":[{"start":{"line":50,"column":54},"end":{"line":50,"column":86}}]},"8":{"type":"branch","line":50,"loc":{"start":{"line":50,"column":74},"end":{"line":50,"column":107}},"locations":[{"start":{"line":50,"column":74},"end":{"line":50,"column":107}}]},"9":{"type":"branch","line":50,"loc":{"start":{"line":50,"column":100},"end":{"line":50,"column":127}},"locations":[{"start":{"line":50,"column":100},"end":{"line":50,"column":127}}]},"10":{"type":"branch","line":50,"loc":{"start":{"line":50,"column":122},"end":{"line":50,"column":144}},"locations":[{"start":{"line":50,"column":122},"end":{"line":50,"column":144}}]},"11":{"type":"branch","line":58,"loc":{"start":{"line":58,"column":29},"end":{"line":58,"column":72}},"locations":[{"start":{"line":58,"column":29},"end":{"line":58,"column":72}}]},"12":{"type":"branch","line":63,"loc":{"start":{"line":63,"column":34},"end":{"line":63,"column":167}},"locations":[{"start":{"line":63,"column":34},"end":{"line":63,"column":167}}]},"13":{"type":"branch","line":63,"loc":{"start":{"line":63,"column":76},"end":{"line":63,"column":167}},"locations":[{"start":{"line":63,"column":76},"end":{"line":63,"column":167}}]},"14":{"type":"branch","line":67,"loc":{"start":{"line":67,"column":27},"end":{"line":67,"column":94}},"locations":[{"start":{"line":67,"column":27},"end":{"line":67,"column":94}}]},"15":{"type":"branch","line":71,"loc":{"start":{"line":71,"column":17},"end":{"line":71,"column":271}},"locations":[{"start":{"line":71,"column":17},"end":{"line":71,"column":271}}]},"16":{"type":"branch","line":71,"loc":{"start":{"line":71,"column":60},"end":{"line":71,"column":85}},"locations":[{"start":{"line":71,"column":60},"end":{"line":71,"column":85}}]},"17":{"type":"branch","line":71,"loc":{"start":{"line":71,"column":105},"end":{"line":71,"column":156}},"locations":[{"start":{"line":71,"column":105},"end":{"line":71,"column":156}}]},"18":{"type":"branch","line":71,"loc":{"start":{"line":71,"column":151},"end":{"line":71,"column":270}},"locations":[{"start":{"line":71,"column":151},"end":{"line":71,"column":270}}]},"19":{"type":"branch","line":71,"loc":{"start":{"line":71,"column":128},"end":{"line":71,"column":151}},"locations":[{"start":{"line":71,"column":128},"end":{"line":71,"column":151}}]},"20":{"type":"branch","line":71,"loc":{"start":{"line":71,"column":182},"end":{"line":71,"column":268}},"locations":[{"start":{"line":71,"column":182},"end":{"line":71,"column":268}}]},"21":{"type":"branch","line":71,"loc":{"start":{"line":71,"column":224},"end":{"line":71,"column":268}},"locations":[{"start":{"line":71,"column":224},"end":{"line":71,"column":268}}]}},"b":{"0":[1],"1":[175],"2":[76],"3":[79],"4":[94],"5":[140],"6":[81],"7":[80],"8":[80],"9":[80],"10":[79],"11":[76],"12":[60],"13":[59],"14":[60],"15":[81],"16":[80],"17":[79],"18":[78],"19":[79],"20":[137],"21":[136]},"fnMap":{"0":{"name":"src/header-validator.js","decl":{"start":{"line":1,"column":0},"end":{"line":74,"column":40}},"loc":{"start":{"line":1,"column":0},"end":{"line":74,"column":40}},"line":1},"1":{"name":"Null","decl":{"start":{"line":18,"column":12},"end":{"line":18,"column":53}},"loc":{"start":{"line":18,"column":12},"end":{"line":18,"column":53}},"line":18},"2":{"name":"Int","decl":{"start":{"line":22,"column":11},"end":{"line":22,"column":61}},"loc":{"start":{"line":22,"column":11},"end":{"line":22,"column":61}},"line":22},"3":{"name":"Float","decl":{"start":{"line":26,"column":13},"end":{"line":26,"column":89}},"loc":{"start":{"line":26,"column":13},"end":{"line":26,"column":89}},"line":26},"4":{"name":"String","decl":{"start":{"line":30,"column":14},"end":{"line":30,"column":66}},"loc":{"start":{"line":30,"column":14},"end":{"line":30,"column":66}},"line":30},"5":{"name":"Bool","decl":{"start":{"line":34,"column":12},"end":{"line":34,"column":65}},"loc":{"start":{"line":34,"column":12},"end":{"line":34,"column":65}},"line":34},"6":{"name":"Bytes","decl":{"start":{"line":38,"column":13},"end":{"line":38,"column":67}},"loc":{"start":{"line":38,"column":13},"end":{"line":38,"column":67}},"line":38},"7":{"name":"Link","decl":{"start":{"line":42,"column":12},"end":{"line":42,"column":105}},"loc":{"start":{"line":42,"column":12},"end":{"line":42,"column":105}},"line":42},"8":{"name":"List","decl":{"start":{"line":46,"column":12},"end":{"line":46,"column":59}},"loc":{"start":{"line":46,"column":12},"end":{"line":46,"column":59}},"line":46},"9":{"name":"Map","decl":{"start":{"line":50,"column":11},"end":{"line":50,"column":144}},"loc":{"start":{"line":50,"column":11},"end":{"line":50,"column":144}},"line":50},"10":{"name":"CarHeader > version","decl":{"start":{"line":58,"column":29},"end":{"line":58,"column":72}},"loc":{"start":{"line":58,"column":29},"end":{"line":58,"column":72}},"line":58},"11":{"name":"CarHeader > roots (anon)","decl":{"start":{"line":63,"column":34},"end":{"line":63,"column":167}},"loc":{"start":{"line":63,"column":34},"end":{"line":63,"column":167}},"line":63},"12":{"name":"CarHeader > roots","decl":{"start":{"line":67,"column":27},"end":{"line":67,"column":94}},"loc":{"start":{"line":67,"column":27},"end":{"line":67,"column":94}},"line":67},"13":{"name":"CarHeader","decl":{"start":{"line":71,"column":17},"end":{"line":71,"column":271}},"loc":{"start":{"line":71,"column":17},"end":{"line":71,"column":271}},"line":71}},"f":{"0":1,"1":175,"2":76,"3":0,"4":0,"5":0,"6":79,"7":94,"8":140,"9":81,"10":76,"11":60,"12":60,"13":81}},"/Users/alex/Documents/Workspaces/ipld/js-car/src/decoder.js":{"path":"/Users/alex/Documents/Workspaces/ipld/js-car/src/decoder.js","all":false,"statementMap":{"0":{"start":{"line":1,"column":0},"end":{"line":1,"column":27}},"1":{"start":{"line":2,"column":0},"end":{"line":2,"column":38}},"2":{"start":{"line":3,"column":0},"end":{"line":3,"column":52}},"3":{"start":{"line":4,"column":0},"end":{"line":4,"column":56}},"4":{"start":{"line":5,"column":0},"end":{"line":5,"column":68}},"5":{"start":{"line":6,"column":0},"end":{"line":6,"column":0}},"6":{"start":{"line":7,"column":0},"end":{"line":7,"column":3}},"7":{"start":{"line":8,"column":0},"end":{"line":8,"column":41}},"8":{"start":{"line":9,"column":0},"end":{"line":9,"column":53}},"9":{"start":{"line":10,"column":0},"end":{"line":10,"column":51}},"10":{"start":{"line":11,"column":0},"end":{"line":11,"column":56}},"11":{"start":{"line":12,"column":0},"end":{"line":12,"column":52}},"12":{"start":{"line":13,"column":0},"end":{"line":13,"column":56}},"13":{"start":{"line":14,"column":0},"end":{"line":14,"column":66}},"14":{"start":{"line":15,"column":0},"end":{"line":15,"column":54}},"15":{"start":{"line":16,"column":0},"end":{"line":16,"column":3}},"16":{"start":{"line":17,"column":0},"end":{"line":17,"column":0}},"17":{"start":{"line":18,"column":0},"end":{"line":18,"column":21}},"18":{"start":{"line":19,"column":0},"end":{"line":19,"column":17}},"19":{"start":{"line":20,"column":0},"end":{"line":20,"column":15}},"20":{"start":{"line":21,"column":0},"end":{"line":21,"column":14}},"21":{"start":{"line":22,"column":0},"end":{"line":22,"column":1}},"22":{"start":{"line":23,"column":0},"end":{"line":23,"column":0}},"23":{"start":{"line":24,"column":0},"end":{"line":24,"column":110}},"24":{"start":{"line":25,"column":0},"end":{"line":25,"column":0}},"25":{"start":{"line":26,"column":0},"end":{"line":26,"column":3}},"26":{"start":{"line":27,"column":0},"end":{"line":27,"column":30}},"27":{"start":{"line":28,"column":0},"end":{"line":28,"column":29}},"28":{"start":{"line":29,"column":0},"end":{"line":29,"column":3}},"29":{"start":{"line":30,"column":0},"end":{"line":30,"column":36}},"30":{"start":{"line":31,"column":0},"end":{"line":31,"column":36}},"31":{"start":{"line":32,"column":0},"end":{"line":32,"column":22}},"32":{"start":{"line":33,"column":0},"end":{"line":33,"column":45}},"33":{"start":{"line":34,"column":0},"end":{"line":34,"column":3}},"34":{"start":{"line":35,"column":0},"end":{"line":35,"column":32}},"35":{"start":{"line":36,"column":0},"end":{"line":36,"column":34}},"36":{"start":{"line":37,"column":0},"end":{"line":37,"column":10}},"37":{"start":{"line":38,"column":0},"end":{"line":38,"column":24}},"38":{"start":{"line":39,"column":0},"end":{"line":39,"column":22}},"39":{"start":{"line":40,"column":0},"end":{"line":40,"column":1}},"40":{"start":{"line":41,"column":0},"end":{"line":41,"column":0}},"41":{"start":{"line":42,"column":0},"end":{"line":42,"column":3}},"42":{"start":{"line":43,"column":0},"end":{"line":43,"column":30}},"43":{"start":{"line":44,"column":0},"end":{"line":44,"column":39}},"44":{"start":{"line":45,"column":0},"end":{"line":45,"column":3}},"45":{"start":{"line":46,"column":0},"end":{"line":46,"column":38}},"46":{"start":{"line":47,"column":0},"end":{"line":47,"column":27}},"47":{"start":{"line":48,"column":0},"end":{"line":48,"column":54}},"48":{"start":{"line":49,"column":0},"end":{"line":49,"column":75}},"49":{"start":{"line":50,"column":0},"end":{"line":50,"column":16}},"50":{"start":{"line":51,"column":0},"end":{"line":51,"column":18}},"51":{"start":{"line":52,"column":0},"end":{"line":52,"column":15}},"52":{"start":{"line":53,"column":0},"end":{"line":53,"column":35}},"53":{"start":{"line":54,"column":0},"end":{"line":54,"column":22}},"54":{"start":{"line":55,"column":0},"end":{"line":55,"column":36}},"55":{"start":{"line":56,"column":0},"end":{"line":56,"column":40}},"56":{"start":{"line":57,"column":0},"end":{"line":57,"column":6}},"57":{"start":{"line":58,"column":0},"end":{"line":58,"column":59}},"58":{"start":{"line":59,"column":0},"end":{"line":59,"column":57}},"59":{"start":{"line":60,"column":0},"end":{"line":60,"column":59}},"60":{"start":{"line":61,"column":0},"end":{"line":61,"column":3}},"61":{"start":{"line":62,"column":0},"end":{"line":62,"column":31}},"62":{"start":{"line":63,"column":0},"end":{"line":63,"column":15}},"63":{"start":{"line":64,"column":0},"end":{"line":64,"column":24}},"64":{"start":{"line":65,"column":0},"end":{"line":65,"column":22}},"65":{"start":{"line":66,"column":0},"end":{"line":66,"column":1}},"66":{"start":{"line":67,"column":0},"end":{"line":67,"column":0}},"67":{"start":{"line":68,"column":0},"end":{"line":68,"column":3}},"68":{"start":{"line":69,"column":0},"end":{"line":69,"column":79}},"69":{"start":{"line":70,"column":0},"end":{"line":70,"column":69}},"70":{"start":{"line":71,"column":0},"end":{"line":71,"column":2}},"71":{"start":{"line":72,"column":0},"end":{"line":72,"column":41}},"72":{"start":{"line":73,"column":0},"end":{"line":73,"column":30}},"73":{"start":{"line":74,"column":0},"end":{"line":74,"column":34}},"74":{"start":{"line":75,"column":0},"end":{"line":75,"column":44}},"75":{"start":{"line":76,"column":0},"end":{"line":76,"column":3}},"76":{"start":{"line":77,"column":0},"end":{"line":77,"column":58}},"77":{"start":{"line":78,"column":0},"end":{"line":78,"column":41}},"78":{"start":{"line":79,"column":0},"end":{"line":79,"column":21}},"79":{"start":{"line":80,"column":0},"end":{"line":80,"column":55}},"80":{"start":{"line":81,"column":0},"end":{"line":81,"column":3}},"81":{"start":{"line":82,"column":0},"end":{"line":82,"column":45}},"82":{"start":{"line":83,"column":0},"end":{"line":83,"column":21}},"83":{"start":{"line":84,"column":0},"end":{"line":84,"column":37}},"84":{"start":{"line":85,"column":0},"end":{"line":85,"column":32}},"85":{"start":{"line":86,"column":0},"end":{"line":86,"column":48}},"86":{"start":{"line":87,"column":0},"end":{"line":87,"column":3}},"87":{"start":{"line":88,"column":0},"end":{"line":88,"column":121}},"88":{"start":{"line":89,"column":0},"end":{"line":89,"column":128}},"89":{"start":{"line":90,"column":0},"end":{"line":90,"column":3}},"90":{"start":{"line":91,"column":0},"end":{"line":91,"column":77}},"91":{"start":{"line":92,"column":0},"end":{"line":92,"column":65}},"92":{"start":{"line":93,"column":0},"end":{"line":93,"column":45}},"93":{"start":{"line":94,"column":0},"end":{"line":94,"column":80}},"94":{"start":{"line":95,"column":0},"end":{"line":95,"column":48}},"95":{"start":{"line":96,"column":0},"end":{"line":96,"column":3}},"96":{"start":{"line":97,"column":0},"end":{"line":97,"column":28}},"97":{"start":{"line":98,"column":0},"end":{"line":98,"column":16}},"98":{"start":{"line":99,"column":0},"end":{"line":99,"column":3}},"99":{"start":{"line":100,"column":0},"end":{"line":100,"column":14}},"100":{"start":{"line":101,"column":0},"end":{"line":101,"column":45}},"101":{"start":{"line":102,"column":0},"end":{"line":102,"column":47}},"102":{"start":{"line":103,"column":0},"end":{"line":103,"column":46}},"103":{"start":{"line":104,"column":0},"end":{"line":104,"column":42}},"104":{"start":{"line":105,"column":0},"end":{"line":105,"column":24}},"105":{"start":{"line":106,"column":0},"end":{"line":106,"column":22}},"106":{"start":{"line":107,"column":0},"end":{"line":107,"column":1}},"107":{"start":{"line":108,"column":0},"end":{"line":108,"column":0}},"108":{"start":{"line":109,"column":0},"end":{"line":109,"column":3}},"109":{"start":{"line":110,"column":0},"end":{"line":110,"column":30}},"110":{"start":{"line":111,"column":0},"end":{"line":111,"column":33}},"111":{"start":{"line":112,"column":0},"end":{"line":112,"column":3}},"112":{"start":{"line":113,"column":0},"end":{"line":113,"column":39}},"113":{"start":{"line":114,"column":0},"end":{"line":114,"column":29}},"114":{"start":{"line":115,"column":0},"end":{"line":115,"column":65}},"115":{"start":{"line":116,"column":0},"end":{"line":116,"column":47}},"116":{"start":{"line":117,"column":0},"end":{"line":117,"column":0}},"117":{"start":{"line":118,"column":0},"end":{"line":118,"column":36}},"118":{"start":{"line":119,"column":0},"end":{"line":119,"column":30}},"119":{"start":{"line":120,"column":0},"end":{"line":120,"column":40}},"120":{"start":{"line":121,"column":0},"end":{"line":121,"column":67}},"121":{"start":{"line":122,"column":0},"end":{"line":122,"column":42}},"122":{"start":{"line":123,"column":0},"end":{"line":123,"column":53}},"123":{"start":{"line":124,"column":0},"end":{"line":124,"column":50}},"124":{"start":{"line":125,"column":0},"end":{"line":125,"column":23}},"125":{"start":{"line":126,"column":0},"end":{"line":126,"column":18}},"126":{"start":{"line":127,"column":0},"end":{"line":127,"column":24}},"127":{"start":{"line":128,"column":0},"end":{"line":128,"column":22}},"128":{"start":{"line":129,"column":0},"end":{"line":129,"column":1}},"129":{"start":{"line":130,"column":0},"end":{"line":130,"column":0}},"130":{"start":{"line":131,"column":0},"end":{"line":131,"column":3}},"131":{"start":{"line":132,"column":0},"end":{"line":132,"column":30}},"132":{"start":{"line":133,"column":0},"end":{"line":133,"column":26}},"133":{"start":{"line":134,"column":0},"end":{"line":134,"column":3}},"134":{"start":{"line":135,"column":0},"end":{"line":135,"column":33}},"135":{"start":{"line":136,"column":0},"end":{"line":136,"column":39}},"136":{"start":{"line":137,"column":0},"end":{"line":137,"column":77}},"137":{"start":{"line":138,"column":0},"end":{"line":138,"column":29}},"138":{"start":{"line":139,"column":0},"end":{"line":139,"column":42}},"139":{"start":{"line":140,"column":0},"end":{"line":140,"column":19}},"140":{"start":{"line":141,"column":0},"end":{"line":141,"column":42}},"141":{"start":{"line":142,"column":0},"end":{"line":142,"column":55}},"142":{"start":{"line":143,"column":0},"end":{"line":143,"column":3}},"143":{"start":{"line":144,"column":0},"end":{"line":144,"column":0}},"144":{"start":{"line":145,"column":0},"end":{"line":145,"column":42}},"145":{"start":{"line":146,"column":0},"end":{"line":146,"column":22}},"146":{"start":{"line":147,"column":0},"end":{"line":147,"column":58}},"147":{"start":{"line":148,"column":0},"end":{"line":148,"column":3}},"148":{"start":{"line":149,"column":0},"end":{"line":149,"column":40}},"149":{"start":{"line":150,"column":0},"end":{"line":150,"column":43}},"150":{"start":{"line":151,"column":0},"end":{"line":151,"column":40}},"151":{"start":{"line":152,"column":0},"end":{"line":152,"column":46}},"152":{"start":{"line":153,"column":0},"end":{"line":153,"column":24}},"153":{"start":{"line":154,"column":0},"end":{"line":154,"column":22}},"154":{"start":{"line":155,"column":0},"end":{"line":155,"column":1}},"155":{"start":{"line":156,"column":0},"end":{"line":156,"column":0}},"156":{"start":{"line":157,"column":0},"end":{"line":157,"column":3}},"157":{"start":{"line":158,"column":0},"end":{"line":158,"column":69}},"158":{"start":{"line":159,"column":0},"end":{"line":159,"column":63}},"159":{"start":{"line":160,"column":0},"end":{"line":160,"column":77}},"160":{"start":{"line":161,"column":0},"end":{"line":161,"column":33}},"161":{"start":{"line":162,"column":0},"end":{"line":162,"column":2}},"162":{"start":{"line":163,"column":0},"end":{"line":163,"column":44}},"163":{"start":{"line":164,"column":0},"end":{"line":164,"column":30}},"164":{"start":{"line":165,"column":0},"end":{"line":165,"column":34}},"165":{"start":{"line":166,"column":0},"end":{"line":166,"column":3}},"166":{"start":{"line":167,"column":0},"end":{"line":167,"column":46}},"167":{"start":{"line":168,"column":0},"end":{"line":168,"column":68}},"168":{"start":{"line":169,"column":0},"end":{"line":169,"column":25}},"169":{"start":{"line":170,"column":0},"end":{"line":170,"column":26}},"170":{"start":{"line":171,"column":0},"end":{"line":171,"column":39}},"171":{"start":{"line":172,"column":0},"end":{"line":172,"column":21}},"172":{"start":{"line":173,"column":0},"end":{"line":173,"column":56}},"173":{"start":{"line":174,"column":0},"end":{"line":174,"column":3}},"174":{"start":{"line":175,"column":0},"end":{"line":175,"column":32}},"175":{"start":{"line":176,"column":0},"end":{"line":176,"column":35}},"176":{"start":{"line":177,"column":0},"end":{"line":177,"column":80}},"177":{"start":{"line":178,"column":0},"end":{"line":178,"column":0}},"178":{"start":{"line":179,"column":0},"end":{"line":179,"column":37}},"179":{"start":{"line":180,"column":0},"end":{"line":180,"column":24}},"180":{"start":{"line":181,"column":0},"end":{"line":181,"column":22}},"181":{"start":{"line":182,"column":0},"end":{"line":182,"column":1}},"182":{"start":{"line":183,"column":0},"end":{"line":183,"column":0}},"183":{"start":{"line":184,"column":0},"end":{"line":184,"column":3}},"184":{"start":{"line":185,"column":0},"end":{"line":185,"column":30}},"185":{"start":{"line":186,"column":0},"end":{"line":186,"column":28}},"186":{"start":{"line":187,"column":0},"end":{"line":187,"column":3}},"187":{"start":{"line":188,"column":0},"end":{"line":188,"column":35}},"188":{"start":{"line":189,"column":0},"end":{"line":189,"column":58}},"189":{"start":{"line":190,"column":0},"end":{"line":190,"column":49}},"190":{"start":{"line":191,"column":0},"end":{"line":191,"column":26}},"191":{"start":{"line":192,"column":0},"end":{"line":192,"column":23}},"192":{"start":{"line":193,"column":0},"end":{"line":193,"column":24}},"193":{"start":{"line":194,"column":0},"end":{"line":194,"column":22}},"194":{"start":{"line":195,"column":0},"end":{"line":195,"column":1}},"195":{"start":{"line":196,"column":0},"end":{"line":196,"column":0}},"196":{"start":{"line":197,"column":0},"end":{"line":197,"column":3}},"197":{"start":{"line":198,"column":0},"end":{"line":198,"column":30}},"198":{"start":{"line":199,"column":0},"end":{"line":199,"column":33}},"199":{"start":{"line":200,"column":0},"end":{"line":200,"column":3}},"200":{"start":{"line":201,"column":0},"end":{"line":201,"column":40}},"201":{"start":{"line":202,"column":0},"end":{"line":202,"column":27}},"202":{"start":{"line":203,"column":0},"end":{"line":203,"column":66}},"203":{"start":{"line":204,"column":0},"end":{"line":204,"column":77}},"204":{"start":{"line":205,"column":0},"end":{"line":205,"column":32}},"205":{"start":{"line":206,"column":0},"end":{"line":206,"column":14}},"206":{"start":{"line":207,"column":0},"end":{"line":207,"column":24}},"207":{"start":{"line":208,"column":0},"end":{"line":208,"column":22}},"208":{"start":{"line":209,"column":0},"end":{"line":209,"column":1}},"209":{"start":{"line":210,"column":0},"end":{"line":210,"column":0}},"210":{"start":{"line":211,"column":0},"end":{"line":211,"column":3}},"211":{"start":{"line":212,"column":0},"end":{"line":212,"column":76}},"212":{"start":{"line":213,"column":0},"end":{"line":213,"column":74}},"213":{"start":{"line":214,"column":0},"end":{"line":214,"column":60}},"214":{"start":{"line":215,"column":0},"end":{"line":215,"column":2}},"215":{"start":{"line":216,"column":0},"end":{"line":216,"column":38}},"216":{"start":{"line":217,"column":0},"end":{"line":217,"column":30}},"217":{"start":{"line":218,"column":0},"end":{"line":218,"column":24}},"218":{"start":{"line":219,"column":0},"end":{"line":219,"column":3}},"219":{"start":{"line":220,"column":0},"end":{"line":220,"column":40}},"220":{"start":{"line":221,"column":0},"end":{"line":221,"column":38}},"221":{"start":{"line":222,"column":0},"end":{"line":222,"column":43}},"222":{"start":{"line":223,"column":0},"end":{"line":223,"column":31}},"223":{"start":{"line":224,"column":0},"end":{"line":224,"column":53}},"224":{"start":{"line":225,"column":0},"end":{"line":225,"column":62}},"225":{"start":{"line":226,"column":0},"end":{"line":226,"column":5}},"226":{"start":{"line":227,"column":0},"end":{"line":227,"column":17}},"227":{"start":{"line":228,"column":0},"end":{"line":228,"column":26}},"228":{"start":{"line":229,"column":0},"end":{"line":229,"column":24}},"229":{"start":{"line":230,"column":0},"end":{"line":230,"column":6}},"230":{"start":{"line":231,"column":0},"end":{"line":231,"column":0}},"231":{"start":{"line":232,"column":0},"end":{"line":232,"column":10}},"232":{"start":{"line":233,"column":0},"end":{"line":233,"column":32}},"233":{"start":{"line":234,"column":0},"end":{"line":234,"column":0}},"234":{"start":{"line":235,"column":0},"end":{"line":235,"column":23}},"235":{"start":{"line":236,"column":0},"end":{"line":236,"column":25}},"236":{"start":{"line":237,"column":0},"end":{"line":237,"column":49}},"237":{"start":{"line":238,"column":0},"end":{"line":238,"column":37}},"238":{"start":{"line":239,"column":0},"end":{"line":239,"column":7}},"239":{"start":{"line":240,"column":0},"end":{"line":240,"column":6}},"240":{"start":{"line":241,"column":0},"end":{"line":241,"column":0}},"241":{"start":{"line":242,"column":0},"end":{"line":242,"column":28}},"242":{"start":{"line":243,"column":0},"end":{"line":243,"column":25}},"243":{"start":{"line":244,"column":0},"end":{"line":244,"column":49}},"244":{"start":{"line":245,"column":0},"end":{"line":245,"column":42}},"245":{"start":{"line":246,"column":0},"end":{"line":246,"column":7}},"246":{"start":{"line":247,"column":0},"end":{"line":247,"column":5}},"247":{"start":{"line":248,"column":0},"end":{"line":248,"column":3}},"248":{"start":{"line":249,"column":0},"end":{"line":249,"column":1}},"249":{"start":{"line":250,"column":0},"end":{"line":250,"column":0}},"250":{"start":{"line":251,"column":0},"end":{"line":251,"column":3}},"251":{"start":{"line":252,"column":0},"end":{"line":252,"column":47}},"252":{"start":{"line":253,"column":0},"end":{"line":253,"column":2}},"253":{"start":{"line":254,"column":0},"end":{"line":254,"column":35}},"254":{"start":{"line":255,"column":0},"end":{"line":255,"column":28}},"255":{"start":{"line":256,"column":0},"end":{"line":256,"column":25}},"256":{"start":{"line":257,"column":0},"end":{"line":257,"column":3}},"257":{"start":{"line":258,"column":0},"end":{"line":258,"column":37}},"258":{"start":{"line":259,"column":0},"end":{"line":259,"column":13}},"259":{"start":{"line":260,"column":0},"end":{"line":260,"column":0}},"260":{"start":{"line":261,"column":0},"end":{"line":261,"column":28}},"261":{"start":{"line":262,"column":0},"end":{"line":262,"column":10}},"262":{"start":{"line":263,"column":0},"end":{"line":263,"column":25}},"263":{"start":{"line":264,"column":0},"end":{"line":264,"column":76}},"264":{"start":{"line":265,"column":0},"end":{"line":265,"column":28}},"265":{"start":{"line":266,"column":0},"end":{"line":266,"column":26}},"266":{"start":{"line":267,"column":0},"end":{"line":267,"column":6}},"267":{"start":{"line":268,"column":0},"end":{"line":268,"column":0}},"268":{"start":{"line":269,"column":0},"end":{"line":269,"column":28}},"269":{"start":{"line":270,"column":0},"end":{"line":270,"column":40}},"270":{"start":{"line":271,"column":0},"end":{"line":271,"column":49}},"271":{"start":{"line":272,"column":0},"end":{"line":272,"column":7}},"272":{"start":{"line":273,"column":0},"end":{"line":273,"column":46}},"273":{"start":{"line":274,"column":0},"end":{"line":274,"column":28}},"274":{"start":{"line":275,"column":0},"end":{"line":275,"column":26}},"275":{"start":{"line":276,"column":0},"end":{"line":276,"column":6}},"276":{"start":{"line":277,"column":0},"end":{"line":277,"column":0}},"277":{"start":{"line":278,"column":0},"end":{"line":278,"column":19}},"278":{"start":{"line":279,"column":0},"end":{"line":279,"column":19}},"279":{"start":{"line":280,"column":0},"end":{"line":280,"column":6}},"280":{"start":{"line":281,"column":0},"end":{"line":281,"column":0}},"281":{"start":{"line":282,"column":0},"end":{"line":282,"column":16}},"282":{"start":{"line":283,"column":0},"end":{"line":283,"column":16}},"283":{"start":{"line":284,"column":0},"end":{"line":284,"column":5}},"284":{"start":{"line":285,"column":0},"end":{"line":285,"column":3}},"285":{"start":{"line":286,"column":0},"end":{"line":286,"column":1}},"286":{"start":{"line":287,"column":0},"end":{"line":287,"column":0}},"287":{"start":{"line":288,"column":0},"end":{"line":288,"column":3}},"288":{"start":{"line":289,"column":0},"end":{"line":289,"column":10}},"289":{"start":{"line":290,"column":0},"end":{"line":290,"column":71}},"290":{"start":{"line":291,"column":0},"end":{"line":291,"column":70}},"291":{"start":{"line":292,"column":0},"end":{"line":292,"column":23}},"292":{"start":{"line":293,"column":0},"end":{"line":293,"column":52}},"293":{"start":{"line":294,"column":0},"end":{"line":294,"column":25}},"294":{"start":{"line":295,"column":0},"end":{"line":295,"column":3}},"295":{"start":{"line":296,"column":0},"end":{"line":296,"column":55}},"296":{"start":{"line":297,"column":0},"end":{"line":297,"column":13}},"297":{"start":{"line":298,"column":0},"end":{"line":298,"column":14}},"298":{"start":{"line":299,"column":0},"end":{"line":299,"column":16}},"299":{"start":{"line":300,"column":0},"end":{"line":300,"column":38}},"300":{"start":{"line":301,"column":0},"end":{"line":301,"column":0}},"301":{"start":{"line":302,"column":0},"end":{"line":302,"column":56}},"302":{"start":{"line":303,"column":0},"end":{"line":303,"column":39}},"303":{"start":{"line":304,"column":0},"end":{"line":304,"column":48}},"304":{"start":{"line":305,"column":0},"end":{"line":305,"column":27}},"305":{"start":{"line":306,"column":0},"end":{"line":306,"column":37}},"306":{"start":{"line":307,"column":0},"end":{"line":307,"column":26}},"307":{"start":{"line":308,"column":0},"end":{"line":308,"column":13}},"308":{"start":{"line":309,"column":0},"end":{"line":309,"column":7}},"309":{"start":{"line":310,"column":0},"end":{"line":310,"column":28}},"310":{"start":{"line":311,"column":0},"end":{"line":311,"column":76}},"311":{"start":{"line":312,"column":0},"end":{"line":312,"column":44}},"312":{"start":{"line":313,"column":0},"end":{"line":313,"column":30}},"313":{"start":{"line":314,"column":0},"end":{"line":314,"column":35}},"314":{"start":{"line":315,"column":0},"end":{"line":315,"column":34}},"315":{"start":{"line":316,"column":0},"end":{"line":316,"column":42}},"316":{"start":{"line":317,"column":0},"end":{"line":317,"column":25}},"317":{"start":{"line":318,"column":0},"end":{"line":318,"column":14}},"318":{"start":{"line":319,"column":0},"end":{"line":319,"column":24}},"319":{"start":{"line":320,"column":0},"end":{"line":320,"column":7}},"320":{"start":{"line":321,"column":0},"end":{"line":321,"column":26}},"321":{"start":{"line":322,"column":0},"end":{"line":322,"column":5}},"322":{"start":{"line":323,"column":0},"end":{"line":323,"column":73}},"323":{"start":{"line":324,"column":0},"end":{"line":324,"column":15}},"324":{"start":{"line":325,"column":0},"end":{"line":325,"column":27}},"325":{"start":{"line":326,"column":0},"end":{"line":326,"column":30}},"326":{"start":{"line":327,"column":0},"end":{"line":327,"column":21}},"327":{"start":{"line":328,"column":0},"end":{"line":328,"column":5}},"328":{"start":{"line":329,"column":0},"end":{"line":329,"column":14}},"329":{"start":{"line":330,"column":0},"end":{"line":330,"column":3}},"330":{"start":{"line":331,"column":0},"end":{"line":331,"column":0}},"331":{"start":{"line":332,"column":0},"end":{"line":332,"column":28}},"332":{"start":{"line":333,"column":0},"end":{"line":333,"column":10}},"333":{"start":{"line":334,"column":0},"end":{"line":334,"column":25}},"334":{"start":{"line":335,"column":0},"end":{"line":335,"column":50}},"335":{"start":{"line":336,"column":0},"end":{"line":336,"column":26}},"336":{"start":{"line":337,"column":0},"end":{"line":337,"column":7}},"337":{"start":{"line":338,"column":0},"end":{"line":338,"column":99}},"338":{"start":{"line":339,"column":0},"end":{"line":339,"column":28}},"339":{"start":{"line":340,"column":0},"end":{"line":340,"column":26}},"340":{"start":{"line":341,"column":0},"end":{"line":341,"column":6}},"341":{"start":{"line":342,"column":0},"end":{"line":342,"column":0}},"342":{"start":{"line":343,"column":0},"end":{"line":343,"column":28}},"343":{"start":{"line":344,"column":0},"end":{"line":344,"column":50}},"344":{"start":{"line":345,"column":0},"end":{"line":345,"column":26}},"345":{"start":{"line":346,"column":0},"end":{"line":346,"column":7}},"346":{"start":{"line":347,"column":0},"end":{"line":347,"column":50}},"347":{"start":{"line":348,"column":0},"end":{"line":348,"column":49}},"348":{"start":{"line":349,"column":0},"end":{"line":349,"column":7}},"349":{"start":{"line":350,"column":0},"end":{"line":350,"column":59}},"350":{"start":{"line":351,"column":0},"end":{"line":351,"column":28}},"351":{"start":{"line":352,"column":0},"end":{"line":352,"column":26}},"352":{"start":{"line":353,"column":0},"end":{"line":353,"column":6}},"353":{"start":{"line":354,"column":0},"end":{"line":354,"column":0}},"354":{"start":{"line":355,"column":0},"end":{"line":355,"column":19}},"355":{"start":{"line":356,"column":0},"end":{"line":356,"column":19}},"356":{"start":{"line":357,"column":0},"end":{"line":357,"column":22}},"357":{"start":{"line":358,"column":0},"end":{"line":358,"column":6}},"358":{"start":{"line":359,"column":0},"end":{"line":359,"column":0}},"359":{"start":{"line":360,"column":0},"end":{"line":360,"column":16}},"360":{"start":{"line":361,"column":0},"end":{"line":361,"column":16}},"361":{"start":{"line":362,"column":0},"end":{"line":362,"column":5}},"362":{"start":{"line":363,"column":0},"end":{"line":363,"column":3}},"363":{"start":{"line":364,"column":0},"end":{"line":364,"column":1}},"364":{"start":{"line":365,"column":0},"end":{"line":365,"column":0}},"365":{"start":{"line":366,"column":0},"end":{"line":366,"column":3}},"366":{"start":{"line":367,"column":0},"end":{"line":367,"column":80}},"367":{"start":{"line":368,"column":0},"end":{"line":368,"column":51}},"368":{"start":{"line":369,"column":0},"end":{"line":369,"column":2}},"369":{"start":{"line":370,"column":0},"end":{"line":370,"column":51}},"370":{"start":{"line":371,"column":0},"end":{"line":371,"column":51}},"371":{"start":{"line":372,"column":0},"end":{"line":372,"column":25}},"372":{"start":{"line":373,"column":0},"end":{"line":373,"column":3}},"373":{"start":{"line":374,"column":0},"end":{"line":374,"column":53}},"374":{"start":{"line":375,"column":0},"end":{"line":375,"column":56}},"375":{"start":{"line":376,"column":0},"end":{"line":376,"column":0}},"376":{"start":{"line":377,"column":0},"end":{"line":377,"column":31}},"377":{"start":{"line":378,"column":0},"end":{"line":378,"column":38}},"378":{"start":{"line":379,"column":0},"end":{"line":379,"column":20}},"379":{"start":{"line":380,"column":0},"end":{"line":380,"column":17}},"380":{"start":{"line":381,"column":0},"end":{"line":381,"column":5}},"381":{"start":{"line":382,"column":0},"end":{"line":382,"column":21}},"382":{"start":{"line":383,"column":0},"end":{"line":383,"column":26}},"383":{"start":{"line":384,"column":0},"end":{"line":384,"column":24}},"384":{"start":{"line":385,"column":0},"end":{"line":385,"column":3}},"385":{"start":{"line":386,"column":0},"end":{"line":386,"column":0}},"386":{"start":{"line":387,"column":0},"end":{"line":387,"column":31}},"387":{"start":{"line":388,"column":0},"end":{"line":388,"column":1}},"388":{"start":{"line":389,"column":0},"end":{"line":389,"column":0}},"389":{"start":{"line":390,"column":0},"end":{"line":390,"column":3}},"390":{"start":{"line":391,"column":0},"end":{"line":391,"column":78}},"391":{"start":{"line":392,"column":0},"end":{"line":392,"column":67}},"392":{"start":{"line":393,"column":0},"end":{"line":393,"column":17}},"393":{"start":{"line":394,"column":0},"end":{"line":394,"column":2}},"394":{"start":{"line":395,"column":0},"end":{"line":395,"column":47}},"395":{"start":{"line":396,"column":0},"end":{"line":396,"column":30}},"396":{"start":{"line":397,"column":0},"end":{"line":397,"column":28}},"397":{"start":{"line":398,"column":0},"end":{"line":398,"column":25}},"398":{"start":{"line":399,"column":0},"end":{"line":399,"column":3}},"399":{"start":{"line":400,"column":0},"end":{"line":400,"column":49}},"400":{"start":{"line":401,"column":0},"end":{"line":401,"column":19}},"401":{"start":{"line":402,"column":0},"end":{"line":402,"column":0}},"402":{"start":{"line":403,"column":0},"end":{"line":403,"column":28}},"403":{"start":{"line":404,"column":0},"end":{"line":404,"column":10}},"404":{"start":{"line":405,"column":0},"end":{"line":405,"column":25}},"405":{"start":{"line":406,"column":0},"end":{"line":406,"column":43}},"406":{"start":{"line":407,"column":0},"end":{"line":407,"column":49}},"407":{"start":{"line":408,"column":0},"end":{"line":408,"column":56}},"408":{"start":{"line":409,"column":0},"end":{"line":409,"column":7}},"409":{"start":{"line":410,"column":0},"end":{"line":410,"column":18}},"410":{"start":{"line":411,"column":0},"end":{"line":411,"column":28}},"411":{"start":{"line":412,"column":0},"end":{"line":412,"column":26}},"412":{"start":{"line":413,"column":0},"end":{"line":413,"column":6}},"413":{"start":{"line":414,"column":0},"end":{"line":414,"column":0}},"414":{"start":{"line":415,"column":0},"end":{"line":415,"column":28}},"415":{"start":{"line":416,"column":0},"end":{"line":416,"column":48}},"416":{"start":{"line":417,"column":0},"end":{"line":417,"column":49}},"417":{"start":{"line":418,"column":0},"end":{"line":418,"column":49}},"418":{"start":{"line":419,"column":0},"end":{"line":419,"column":7}},"419":{"start":{"line":420,"column":0},"end":{"line":420,"column":18}},"420":{"start":{"line":421,"column":0},"end":{"line":421,"column":28}},"421":{"start":{"line":422,"column":0},"end":{"line":422,"column":26}},"422":{"start":{"line":423,"column":0},"end":{"line":423,"column":6}},"423":{"start":{"line":424,"column":0},"end":{"line":424,"column":0}},"424":{"start":{"line":425,"column":0},"end":{"line":425,"column":19}},"425":{"start":{"line":426,"column":0},"end":{"line":426,"column":25}},"426":{"start":{"line":427,"column":0},"end":{"line":427,"column":25}},"427":{"start":{"line":428,"column":0},"end":{"line":428,"column":6}},"428":{"start":{"line":429,"column":0},"end":{"line":429,"column":0}},"429":{"start":{"line":430,"column":0},"end":{"line":430,"column":16}},"430":{"start":{"line":431,"column":0},"end":{"line":431,"column":23}},"431":{"start":{"line":432,"column":0},"end":{"line":432,"column":5}},"432":{"start":{"line":433,"column":0},"end":{"line":433,"column":3}},"433":{"start":{"line":434,"column":0},"end":{"line":434,"column":1}}},"s":{"0":1,"1":1,"2":1,"3":1,"4":1,"5":1,"6":1,"7":1,"8":1,"9":1,"10":1,"11":1,"12":1,"13":1,"14":1,"15":1,"16":1,"17":1,"18":1,"19":1,"20":1,"21":1,"22":1,"23":1,"24":1,"25":1,"26":1,"27":1,"28":1,"29":13218,"30":13218,"31":13218,"32":1,"33":1,"34":13217,"35":13217,"36":13217,"37":1,"38":1,"39":1,"40":1,"41":1,"42":1,"43":1,"44":1,"45":13,"46":13,"47":13,"48":13,"49":13,"50":13,"51":13,"52":13,"53":13,"54":13,"55":13,"56":13,"57":13,"58":13,"59":13,"60":13,"61":13,"62":13,"63":1,"64":1,"65":1,"66":1,"67":1,"68":1,"69":1,"70":1,"71":1,"72":1,"73":1,"74":1,"75":1,"76":84,"77":84,"78":84,"79":1,"80":1,"81":82,"82":81,"83":81,"84":84,"85":6,"86":6,"87":84,"88":3,"89":3,"90":72,"91":72,"92":72,"93":84,"94":1,"95":1,"96":84,"97":58,"98":58,"99":13,"100":13,"101":13,"102":13,"103":11,"104":1,"105":1,"106":1,"107":1,"108":1,"109":1,"110":1,"111":1,"112":4348,"113":4348,"114":4348,"115":4348,"116":4348,"117":4348,"118":4348,"119":4348,"120":4348,"121":4348,"122":4348,"123":4348,"124":4347,"125":4347,"126":1,"127":1,"128":1,"129":1,"130":1,"131":1,"132":1,"133":1,"134":4436,"135":4436,"136":4436,"137":87,"138":87,"139":87,"140":87,"141":87,"142":87,"143":4349,"144":4349,"145":4436,"146":1,"147":1,"148":4348,"149":4348,"150":4347,"151":4347,"152":1,"153":1,"154":1,"155":1,"156":1,"157":1,"158":1,"159":1,"160":1,"161":1,"162":1,"163":1,"164":1,"165":1,"166":4437,"167":4437,"168":4437,"169":4437,"170":4437,"171":4437,"172":1,"173":1,"174":4436,"175":4436,"176":4434,"177":4434,"178":4434,"179":1,"180":1,"181":1,"182":1,"183":1,"184":1,"185":1,"186":1,"187":4400,"188":4400,"189":4397,"190":4395,"191":4395,"192":1,"193":1,"194":1,"195":1,"196":1,"197":1,"198":1,"199":1,"200":37,"201":37,"202":37,"203":37,"204":37,"205":37,"206":1,"207":1,"208":1,"209":1,"210":1,"211":1,"212":1,"213":1,"214":1,"215":1,"216":1,"217":1,"218":1,"219":1,"220":55,"221":55,"222":55,"223":7,"224":7,"225":7,"226":45,"227":1,"228":1,"229":1,"230":55,"231":55,"232":55,"233":40,"234":40,"235":40,"236":40,"237":4400,"238":4395,"239":40,"240":5,"241":5,"242":5,"243":5,"244":37,"245":37,"246":5,"247":55,"248":55,"249":1,"250":1,"251":1,"252":1,"253":1,"254":1,"255":1,"256":1,"257":1,"258":53,"259":53,"260":53,"261":53,"262":21481,"263":21481,"264":1,"265":1,"266":1,"267":12960,"268":12960,"269":12960,"270":2,"271":2,"272":12958,"273":1,"274":1,"275":1,"276":53,"277":53,"278":21575,"279":21575,"280":12951,"281":12951,"282":12951,"283":12951,"284":53,"285":53,"286":1,"287":1,"288":1,"289":1,"290":1,"291":1,"292":1,"293":1,"294":1,"295":1,"296":18,"297":18,"298":18,"299":18,"300":18,"301":18,"302":174,"303":174,"304":174,"305":210,"306":210,"307":17,"308":17,"309":1,"310":1,"311":1,"312":1,"313":1,"314":1,"315":1,"316":1,"317":210,"318":179,"319":179,"320":193,"321":193,"322":174,"323":174,"324":174,"325":367,"326":367,"327":367,"328":174,"329":174,"330":18,"331":18,"332":18,"333":562,"334":562,"335":68,"336":68,"337":562,"338":1,"339":1,"340":1,"341":403,"342":403,"343":403,"344":106,"345":106,"346":403,"347":1,"348":1,"349":402,"350":1,"351":1,"352":1,"353":18,"354":18,"355":615,"356":615,"357":615,"358":457,"359":457,"360":457,"361":457,"362":18,"363":18,"364":1,"365":1,"366":1,"367":1,"368":1,"369":1,"370":1,"371":1,"372":1,"373":1,"374":18,"375":18,"376":18,"377":210,"378":210,"379":17,"380":17,"381":193,"382":1,"383":1,"384":1,"385":18,"386":18,"387":18,"388":1,"389":1,"390":1,"391":1,"392":1,"393":1,"394":1,"395":1,"396":1,"397":1,"398":1,"399":1,"400":7,"401":7,"402":7,"403":7,"404":10574,"405":10574,"406":10574,"407":5,"408":5,"409":10574,"410":1,"411":1,"412":1,"413":6351,"414":6351,"415":6351,"416":6351,"417":1,"418":1,"419":6350,"420":1,"421":1,"422":1,"423":7,"424":7,"425":10575,"426":10575,"427":10575,"428":6366,"429":6366,"430":6366,"431":6366,"432":7,"433":7},"branchMap":{"0":{"type":"branch","line":30,"loc":{"start":{"line":30,"column":0},"end":{"line":40,"column":1}},"locations":[{"start":{"line":30,"column":0},"end":{"line":40,"column":1}}]},"1":{"type":"branch","line":32,"loc":{"start":{"line":32,"column":21},"end":{"line":34,"column":3}},"locations":[{"start":{"line":32,"column":21},"end":{"line":34,"column":3}}]},"2":{"type":"branch","line":34,"loc":{"start":{"line":34,"column":2},"end":{"line":37,"column":10}},"locations":[{"start":{"line":34,"column":2},"end":{"line":37,"column":10}}]},"3":{"type":"branch","line":46,"loc":{"start":{"line":46,"column":0},"end":{"line":66,"column":1}},"locations":[{"start":{"line":46,"column":0},"end":{"line":66,"column":1}}]},"4":{"type":"branch","line":77,"loc":{"start":{"line":77,"column":0},"end":{"line":107,"column":1}},"locations":[{"start":{"line":77,"column":0},"end":{"line":107,"column":1}}]},"5":{"type":"branch","line":78,"loc":{"start":{"line":78,"column":40},"end":{"line":79,"column":20}},"locations":[{"start":{"line":78,"column":40},"end":{"line":79,"column":20}}]},"6":{"type":"branch","line":79,"loc":{"start":{"line":79,"column":20},"end":{"line":81,"column":3}},"locations":[{"start":{"line":79,"column":20},"end":{"line":81,"column":3}}]},"7":{"type":"branch","line":81,"loc":{"start":{"line":81,"column":2},"end":{"line":82,"column":45}},"locations":[{"start":{"line":81,"column":2},"end":{"line":82,"column":45}}]},"8":{"type":"branch","line":82,"loc":{"start":{"line":82,"column":44},"end":{"line":85,"column":31}},"locations":[{"start":{"line":82,"column":44},"end":{"line":85,"column":31}}]},"9":{"type":"branch","line":85,"loc":{"start":{"line":85,"column":31},"end":{"line":87,"column":3}},"locations":[{"start":{"line":85,"column":31},"end":{"line":87,"column":3}}]},"10":{"type":"branch","line":87,"loc":{"start":{"line":87,"column":2},"end":{"line":88,"column":30}},"locations":[{"start":{"line":87,"column":2},"end":{"line":88,"column":30}}]},"11":{"type":"branch","line":88,"loc":{"start":{"line":88,"column":25},"end":{"line":88,"column":55}},"locations":[{"start":{"line":88,"column":25},"end":{"line":88,"column":55}}]},"12":{"type":"branch","line":88,"loc":{"start":{"line":88,"column":48},"end":{"line":88,"column":120}},"locations":[{"start":{"line":88,"column":48},"end":{"line":88,"column":120}}]},"13":{"type":"branch","line":88,"loc":{"start":{"line":88,"column":73},"end":{"line":88,"column":120}},"locations":[{"start":{"line":88,"column":73},"end":{"line
[...]
59,"column":72}},"159":{"start":{"line":160,"column":0},"end":{"line":160,"column":57}},"160":{"start":{"line":161,"column":0},"end":{"line":161,"column":4}},"161":{"start":{"line":162,"column":0},"end":{"line":162,"column":76}},"162":{"start":{"line":163,"column":0},"end":{"line":163,"column":34}},"163":{"start":{"line":164,"column":0},"end":{"line":164,"column":4}},"164":{"start":{"line":165,"column":0},"end":{"line":165,"column":11}},"165":{"start":{"line":166,"column":0},"end":{"line":166,"column":12}},"166":{"start":{"line":167,"column":0},"end":{"line":167,"column":24}},"167":{"start":{"line":168,"column":0},"end":{"line":168,"column":30}},"168":{"start":{"line":169,"column":0},"end":{"line":169,"column":79}},"169":{"start":{"line":170,"column":0},"end":{"line":170,"column":80}},"170":{"start":{"line":171,"column":0},"end":{"line":171,"column":78}},"171":{"start":{"line":172,"column":0},"end":{"line":172,"column":27}},"172":{"start":{"line":173,"column":0},"end":{"line":173,"column":35}},"173":{"start":{"line":174,"column":0},"end":{"line":174,"column":5}},"174":{"start":{"line":175,"column":0},"end":{"line":175,"column":50}},"175":{"start":{"line":176,"column":0},"end":{"line":176,"column":37}},"176":{"start":{"line":177,"column":0},"end":{"line":177,"column":28}},"177":{"start":{"line":178,"column":0},"end":{"line":178,"column":41}},"178":{"start":{"line":179,"column":0},"end":{"line":179,"column":50}},"179":{"start":{"line":180,"column":0},"end":{"line":180,"column":162}},"180":{"start":{"line":181,"column":0},"end":{"line":181,"column":5}},"181":{"start":{"line":182,"column":0},"end":{"line":182,"column":27}},"182":{"start":{"line":183,"column":0},"end":{"line":183,"column":16}},"183":{"start":{"line":184,"column":0},"end":{"line":184,"column":26}},"184":{"start":{"line":185,"column":0},"end":{"line":185,"column":24}},"185":{"start":{"line":186,"column":0},"end":{"line":186,"column":3}},"186":{"start":{"line":187,"column":0},"end":{"line":187,"column":1}},"187":{"start":{"line":188,"column":0},"end":{"line":188,"column":0}},"188":{"start":{"line":189,"column":0},"end":{"line":189,"column":3}},"189":{"start":{"line":190,"column":0},"end":{"line":190,"column":9}},"190":{"start":{"line":191,"column":0},"end":{"line":191,"column":42}},"191":{"start":{"line":192,"column":0},"end":{"line":192,"column":3}},"192":{"start":{"line":193,"column":0},"end":{"line":193,"column":27}},"193":{"start":{"line":194,"column":0},"end":{"line":194,"column":5}},"194":{"start":{"line":195,"column":0},"end":{"line":195,"column":48}},"195":{"start":{"line":196,"column":0},"end":{"line":196,"column":5}},"196":{"start":{"line":197,"column":0},"end":{"line":197,"column":26}},"197":{"start":{"line":198,"column":0},"end":{"line":198,"column":29}},"198":{"start":{"line":199,"column":0},"end":{"line":199,"column":3}},"199":{"start":{"line":200,"column":0},"end":{"line":200,"column":0}},"200":{"start":{"line":201,"column":0},"end":{"line":201,"column":29}},"201":{"start":{"line":202,"column":0},"end":{"line":202,"column":26}},"202":{"start":{"line":203,"column":0},"end":{"line":203,"column":56}},"203":{"start":{"line":204,"column":0},"end":{"line":204,"column":5}},"204":{"start":{"line":205,"column":0},"end":{"line":205,"column":26}},"205":{"start":{"line":206,"column":0},"end":{"line":206,"column":25}},"206":{"start":{"line":207,"column":0},"end":{"line":207,"column":3}},"207":{"start":{"line":208,"column":0},"end":{"line":208,"column":1}},"208":{"start":{"line":209,"column":0},"end":{"line":209,"column":0}},"209":{"start":{"line":210,"column":0},"end":{"line":210,"column":26}},"210":{"start":{"line":211,"column":0},"end":{"line":211,"column":32}},"211":{"start":{"line":212,"column":0},"end":{"line":212,"column":30}},"212":{"start":{"line":213,"column":0},"end":{"line":213,"column":33}},"213":{"start":{"line":214,"column":0},"end":{"line":214,"column":39}},"214":{"start":{"line":215,"column":0},"end":{"line":215,"column":30}},"215":{"start":{"line":216,"column":0},"end":{"line":216,"column":1}},"216":{"start":{"line":217,"column":0},"end":{"line":217,"column":0}},"217":{"start":{"line":218,"column":0},"end":{"line":218,"column":3}},"218":{"start":{"line":219,"column":0},"end":{"line":219,"column":11}},"219":{"start":{"line":220,"column":0},"end":{"line":220,"column":36}},"220":{"start":{"line":221,"column":0},"end":{"line":221,"column":19}},"221":{"start":{"line":222,"column":0},"end":{"line":222,"column":3}},"222":{"start":{"line":223,"column":0},"end":{"line":223,"column":26}},"223":{"start":{"line":224,"column":0},"end":{"line":224,"column":28}},"224":{"start":{"line":225,"column":0},"end":{"line":225,"column":13}},"225":{"start":{"line":226,"column":0},"end":{"line":226,"column":3}},"226":{"start":{"line":227,"column":0},"end":{"line":227,"column":0}},"227":{"start":{"line":228,"column":0},"end":{"line":228,"column":30}},"228":{"start":{"line":229,"column":0},"end":{"line":229,"column":32}},"229":{"start":{"line":230,"column":0},"end":{"line":230,"column":15}},"230":{"start":{"line":231,"column":0},"end":{"line":231,"column":75}},"231":{"start":{"line":232,"column":0},"end":{"line":232,"column":5}},"232":{"start":{"line":233,"column":0},"end":{"line":233,"column":16}},"233":{"start":{"line":234,"column":0},"end":{"line":234,"column":3}},"234":{"start":{"line":235,"column":0},"end":{"line":235,"column":0}},"235":{"start":{"line":236,"column":0},"end":{"line":236,"column":19}},"236":{"start":{"line":237,"column":0},"end":{"line":237,"column":29}},"237":{"start":{"line":238,"column":0},"end":{"line":238,"column":33}},"238":{"start":{"line":239,"column":0},"end":{"line":239,"column":17}},"239":{"start":{"line":240,"column":0},"end":{"line":240,"column":75}},"240":{"start":{"line":241,"column":0},"end":{"line":241,"column":5}},"241":{"start":{"line":242,"column":0},"end":{"line":242,"column":22}},"242":{"start":{"line":243,"column":0},"end":{"line":243,"column":3}},"243":{"start":{"line":244,"column":0},"end":{"line":244,"column":15}},"244":{"start":{"line":245,"column":0},"end":{"line":245,"column":1}},"245":{"start":{"line":246,"column":0},"end":{"line":246,"column":0}},"246":{"start":{"line":247,"column":0},"end":{"line":247,"column":29}}},"s":{"0":1,"1":1,"2":1,"3":1,"4":1,"5":1,"6":1,"7":1,"8":1,"9":1,"10":1,"11":1,"12":1,"13":1,"14":1,"15":1,"16":1,"17":1,"18":1,"19":1,"20":1,"21":1,"22":1,"23":1,"24":1,"25":1,"26":1,"27":1,"28":1,"29":1,"30":1,"31":1,"32":1,"33":1,"34":1,"35":1,"36":1,"37":1,"38":1,"39":1,"40":1,"41":1,"42":1,"43":1,"44":1,"45":1,"46":1,"47":1,"48":1,"49":1,"50":1,"51":1,"52":1,"53":1,"54":1,"55":17,"56":17,"57":17,"58":17,"59":17,"60":99,"61":99,"62":99,"63":99,"64":99,"65":99,"66":99,"67":99,"68":99,"69":99,"70":99,"71":99,"72":99,"73":99,"74":16,"75":16,"76":99,"77":1,"78":1,"79":81,"80":99,"81":5,"82":5,"83":76,"84":76,"85":1,"86":1,"87":1,"88":16,"89":16,"90":16,"91":16,"92":16,"93":16,"94":16,"95":16,"96":16,"97":16,"98":16,"99":16,"100":16,"101":1,"102":1,"103":15,"104":15,"105":15,"106":1,"107":1,"108":1,"109":1,"110":1,"111":1,"112":1,"113":1,"114":1,"115":1,"116":1,"117":1,"118":1,"119":1,"120":1,"121":1,"122":22,"123":22,"124":22,"125":22,"126":22,"127":22,"128":1,"129":1,"130":1,"131":1,"132":1,"133":1,"134":1,"135":1,"136":1,"137":1,"138":1,"139":1,"140":1,"141":1,"142":1,"143":1,"144":3,"145":3,"146":3,"147":3,"148":3,"149":3,"150":4,"151":4,"152":4,"153":4,"154":4,"155":4,"156":4,"157":4,"158":4,"159":4,"160":4,"161":4,"162":4,"163":4,"164":4,"165":4,"166":4,"167":4,"168":4,"169":4,"170":4,"171":4,"172":4,"173":4,"174":4,"175":4,"176":4,"177":4,"178":4,"179":3,"180":3,"181":1,"182":1,"183":1,"184":1,"185":1,"186":1,"187":1,"188":1,"189":1,"190":1,"191":1,"192":1,"193":1,"194":1,"195":1,"196":1,"197":17,"198":17,"199":17,"200":17,"201":17,"202":1,"203":1,"204":16,"205":16,"206":17,"207":1,"208":1,"209":17,"210":17,"211":17,"212":17,"213":17,"214":17,"215":17,"216":1,"217":1,"218":1,"219":1,"220":1,"221":1,"222":22,"223":22,"224":5,"225":5,"226":17,"227":22,"228":8,"229":8,"230":7,"231":7,"232":1,"233":1,"234":9,"235":9,"236":22,"237":15,"238":15,"239":1,"240":1,"241":14,"242":14,"243":8,"244":22,"245":1,"246":1},"branchMap":{"0":{"type":"branch","line":210,"loc":{"start":{"line":210,"column":0},"end":{"line":216,"column":1}},"locations":[{"start":{"line":210,"column":0},"end":{"line":216,"column":1}}]},"1":{"type":"branch","line":223,"loc":{"start":{"line":223,"column":0},"end":{"line":245,"column":1}},"locations":[{"start":{"line":223,"column":0},"end":{"line":245,"column":1}}]},"2":{"type":"branch","line":224,"loc":{"start":{"line":224,"column":27},"end":{"line":226,"column":3}},"locations":[{"start":{"line":224,"column":27},"end":{"line":226,"column":3}}]},"3":{"type":"branch","line":226,"loc":{"start":{"line":226,"column":2},"end":{"line":228,"column":29}},"locations":[{"start":{"line":226,"column":2},"end":{"line":228,"column":29}}]},"4":{"type":"branch","line":228,"loc":{"start":{"line":228,"column":29},"end":{"line":234,"column":3}},"locations":[{"start":{"line":228,"column":29},"end":{"line":234,"column":3}}]},"5":{"type":"branch","line":230,"loc":{"start":{"line":230,"column":14},"end":{"line":232,"column":5}},"locations":[{"start":{"line":230,"column":14},"end":{"line":232,"column":5}}]},"6":{"type":"branch","line":232,"loc":{"start":{"line":232,"column":4},"end":{"line":234,"column":3}},"locations":[{"start":{"line":232,"column":4},"end":{"line":234,"column":3}}]},"7":{"type":"branch","line":234,"loc":{"start":{"line":234,"column":2},"end":{"line":237,"column":28}},"locations":[{"start":{"line":234,"column":2},"end":{"line":237,"column":28}}]},"8":{"type":"branch","line":237,"loc":{"start":{"line":237,"column":28},"end":{"line":243,"column":3}},"locations":[{"start":{"line":237,"column":28},"end":{"line":243,"column":3}}]},"9":{"type":"branch","line":239,"loc":{"start":{"line":239,"column":16},"end":{"line":241,"column":5}},"locations":[{"start":{"line":239,"column":16},"end":{"line":241,"column":5}}]},"10":{"type":"branch","line":241,"loc":{"start":{"line":241,"column":4},"end":{"line":243,"column":3}},"locations":[{"start":{"line":241,"column":4},"end":{"line":243,"column":3}}]},"11":{"type":"branch","line":243,"loc":{"start":{"line":243,"column":2},"end":{"line":244,"column":15}},"locations":[{"start":{"line":243,"column":2},"end":{"line":244,"column":15}}]},"12":{"type":"branch","line":1,"loc":{"start":{"line":1,"column":0},"end":{"line":208,"column":1}},"locations":[{"start":{"line":1,"column":0},"end":{"line":208,"column":1}}]},"13":{"type":"branch","line":55,"loc":{"start":{"line":55,"column":2},"end":{"line":60,"column":3}},"locations":[{"start":{"line":55,"column":2},"end":{"line":60,"column":3}}]},"14":{"type":"branch","line":60,"loc":{"start":{"line":60,"column":2},"end":{"line":88,"column":3}},"locations":[{"start":{"line":60,"column":2},"end":{"line":88,"column":3}}]},"15":{"type":"branch","line":74,"loc":{"start":{"line":74,"column":33},"end":{"line":74,"column":60}},"locations":[{"start":{"line":74,"column":33},"end":{"line":74,"column":60}}]},"16":{"type":"branch","line":74,"loc":{"start":{"line":74,"column":60},"end":{"line":76,"column":5}},"locations":[{"start":{"line":74,"column":60},"end":{"line":76,"column":5}}]},"17":{"type":"branch","line":76,"loc":{"start":{"line":76,"column":4},"end":{"line":77,"column":21}},"locations":[{"start":{"line":76,"column":4},"end":{"line":77,"column":21}}]},"18":{"type":"branch","line":77,"loc":{"start":{"line":77,"column":21},"end":{"line":79,"column":5}},"locations":[{"start":{"line":77,"column":21},"end":{"line":79,"column":5}}]},"19":{"type":"branch","line":79,"loc":{"start":{"line":79,"column":4},"end":{"line":81,"column":14}},"locations":[{"start":{"line":79,"column":4},"end":{"line":81,"column":14}}]},"20":{"type":"branch","line":81,"loc":{"start":{"line":81,"column":14},"end":{"line":83,"column":5}},"locations":[{"start":{"line":81,"column":14},"end":{"line":83,"column":5}}]},"21":{"type":"branch","line":83,"loc":{"start":{"line":83,"column":4},"end":{"line":85,"column":22}},"locations":[{"start":{"line":83,"column":4},"end":{"line":85,"column":22}}]},"22":{"type":"branch","line":84,"loc":{"start":{"line":84,"column":35},"end":{"line":84,"column":94}},"locations":[{"start":{"line":84,"column":35},"end":{"line":84,"column":94}}]},"23":{"type":"branch","line":88,"loc":{"start":{"line":88,"column":2},"end":{"line":109,"column":3}},"locations":[{"start":{"line":88,"column":2},"end":{"line":109,"column":3}}]},"24":{"type":"branch","line":101,"loc":{"start":{"line":101,"column":21},"end":{"line":103,"column":5}},"locations":[{"start":{"line":101,"column":21},"end":{"line":103,"column":5}}]},"25":{"type":"branch","line":103,"loc":{"start":{"line":103,"column":4},"end":{"line":106,"column":32}},"locations":[{"start":{"line":103,"column":4},"end":{"line":106,"column":32}}]},"26":{"type":"branch","line":122,"loc":{"start":{"line":122,"column":9},"end":{"line":128,"column":3}},"locations":[{"start":{"line":122,"column":9},"end":{"line":128,"column":3}}]},"27":{"type":"branch","line":144,"loc":{"start":{"line":144,"column":9},"end":{"line":150,"column":3}},"locations":[{"start":{"line":144,"column":9},"end":{"line":150,"column":3}}]},"28":{"type":"branch","line":146,"loc":{"start":{"line":146,"column":23},"end":{"line":146,"column":46}},"locations":[{"start":{"line":146,"column":23},"end":{"line":146,"column":46}}]},"29":{"type":"branch","line":150,"loc":{"start":{"line":150,"column":2},"end":{"line":186,"column":3}},"locations":[{"start":{"line":150,"column":2},"end":{"line":186,"column":3}}]},"30":{"type":"branch","line":179,"loc":{"start":{"line":179,"column":49},"end":{"line":181,"column":5}},"locations":[{"start":{"line":179,"column":49},"end":{"line":181,"column":5}}]},"31":{"type":"branch","line":181,"loc":{"start":{"line":181,"column":4},"end":{"line":183,"column":16}},"locations":[{"start":{"line":181,"column":4},"end":{"line":183,"column":16}}]},"32":{"type":"branch","line":197,"loc":{"start":{"line":197,"column":2},"end":{"line":199,"column":3}},"locations":[{"start":{"line":197,"column":2},"end":{"line":199,"column":3}}]},"33":{"type":"branch","line":199,"loc":{"start":{"line":199,"column":2},"end":{"line":207,"column":3}},"locations":[{"start":{"line":199,"column":2},"end":{"line":207,"column":3}}]},"34":{"type":"branch","line":202,"loc":{"start":{"line":202,"column":25},"end":{"line":204,"column":5}},"locations":[{"start":{"line":202,"column":25},"end":{"line":204,"column":5}}]},"35":{"type":"branch","line":204,"loc":{"start":{"line":204,"column":4},"end":{"line":206,"column":25}},"locations":[{"start":{"line":204,"column":4},"end":{"line":206,"column":25}}]}},"b":{"0":[17],"1":[22],"2":[5],"3":[17],"4":[8],"5":[7],"6":[1],"7":[9],"8":[15],"9":[1],"10":[14],"11":[8],"12":[1],"13":[17],"14":[99],"15":[84],"16":[16],"17":[82],"18":[1],"19":[81],"20":[5],"21":[76],"22":[76],"23":[1],"24":[1],"25":[15],"26":[22],"27":[3],"28":[3],"29":[4],"30":[3],"31":[1],"32":[17],"33":[17],"34":[1],"35":[16]},"fnMap":{"0":{"name":"encodeWriter","decl":{"start":{"line":210,"column":0},"end":{"line":216,"column":1}},"loc":{"start":{"line":210,"column":0},"end":{"line":216,"column":1}},"line":210},"1":{"name":"toRoots","decl":{"start":{"line":223,"column":0},"end":{"line":245,"column":1}},"loc":{"start":{"line":223,"column":0},"end":{"line":245,"column":1}},"line":223},"2":{"name":"src/writer-browser.js","decl":{"start":{"line":1,"column":0},"end":{"line":208,"column":1}},"loc":{"start":{"line":1,"column":0},"end":{"line":208,"column":1}},"line":1},"3":{"name":"CarWriter","decl":{"start":{"line":55,"column":2},"end":{"line":60,"column":3}},"loc":{"start":{"line":55,"column":2},"end":{"line":60,"column":3}},"line":55},"4":{"name":"put","decl":{"start":{"line":60,"column":2},"end":{"line":88,"column":3}},"loc":{"start":{"line":60,"column":2},"end":{"line":88,"column":3}},"line":60},"5":{"name":"close","decl":{"start":{"line":88,"column":2},"end":{"line":109,"column":3}},"loc":{"start":{"line":88,"column":2},"end":{"line":109,"column":3}},"line":88},"6":{"name":"create","decl":{"start":{"line":122,"column":9},"end":{"line":128,"column":3}},"loc":{"start":{"line":122,"column":9},"end":{"line":128,"column":3}},"line":122},"7":{"name":"createAppender","decl":{"start":{"line":144,"column":9},"end":{"line":150,"column":3}},"loc":{"start":{"line":144,"column":9},"end":{"line":150,"column":3}},"line":144},"8":{"name":"encoder.setRoots","decl":{"start":{"line":146,"column":23},"end":{"line":146,"column":46}},"loc":{"start":{"line":146,"column":23},"end":{"line":146,"column":46}},"line":146},"9":{"name":"updateRootsInBytes","decl":{"start":{"line":150,"column":2},"end":{"line":186,"column":3}},"loc":{"start":{"line":150,"column":2},"end":{"line":186,"column":3}},"line":150},"10":{"name":"CarWriterOut","decl":{"start":{"line":197,"column":2},"end":{"line":199,"column":3}},"loc":{"start":{"line":197,"column":2},"end":{"line":199,"column":3}},"line":197},"11":{"name":"CarWriterOut","decl":{"start":{"line":199,"column":2},"end":{"line":207,"column":3}},"loc":{"start":{"line":199,"column":2},"end":{"line":207,"column":3}},"line":199}},"f":{"0":17,"1":22,"2":1,"3":17,"4":99,"5":1,"6":22,"7":3,"8":3,"9":4,"10":17,"11":17}},"/Users/alex/Documents/Workspaces/ipld/js-car/src/indexed-reader-browser.js":{"path":"/Users/alex/Documents/Workspaces/ipld/js-car/src/indexed-reader-browser.js","all":false,"statementMap":{"0":{"start":{"line":1,"column":0},"end":{"line":1,"column":31}},"1":{"start":{"line":2,"column":0},"end":{"line":2,"column":28}},"2":{"start":{"line":3,"column":0},"end":{"line":3,"column":54}},"3":{"start":{"line":4,"column":0},"end":{"line":4,"column":3}},"4":{"start":{"line":5,"column":0},"end":{"line":5,"column":1}},"5":{"start":{"line":6,"column":0},"end":{"line":6,"column":0}},"6":{"start":{"line":7,"column":0},"end":{"line":7,"column":29}}},"s":{"0":1,"1":1,"2":1,"3":1,"4":1,"5":1,"6":1},"branchMap":{"0":{"type":"branch","line":1,"loc":{"start":{"line":1,"column":0},"end":{"line":1,"column":31}},"locations":[{"start":{"line":1,"column":0},"end":{"line":1,"column":31}}]}},"b":{"0":[1]},"fnMap":{"0":{"name":"src/indexed-reader-browser.js","decl":{"start":{"line":1,"column":0},"end":{"line":1,"column":31}},"loc":{"start":{"line":1,"column":0},"end":{"line":1,"column":31}},"line":1}},"f":{"0":1}},"/Users/alex/Documents/Workspaces/ipld/js-car/src/index-browser.js":{"path":"/Users/alex/Documents/Workspaces/ipld/js-car/src/index-browser.js","all":false,"statementMap":{"0":{"start":{"line":1,"column":0},"end":{"line":1,"column":47}},"1":{"start":{"line":2,"column":0},"end":{"line":2,"column":41}},"2":{"start":{"line":3,"column":0},"end":{"line":3,"column":64}},"3":{"start":{"line":4,"column":0},"end":{"line":4,"column":47}},"4":{"start":{"line":5,"column":0},"end":{"line":5,"column":62}},"5":{"start":{"line":6,"column":0},"end":{"line":6,"column":0}},"6":{"start":{"line":7,"column":0},"end":{"line":7,"column":8}},"7":{"start":{"line":8,"column":0},"end":{"line":8,"column":12}},"8":{"start":{"line":9,"column":0},"end":{"line":9,"column":13}},"9":{"start":{"line":10,"column":0},"end":{"line":10,"column":19}},"10":{"start":{"line":11,"column":0},"end":{"line":11,"column":17}},"11":{"start":{"line":12,"column":0},"end":{"line":12,"column":12}},"12":{"start":{"line":13,"column":0},"end":{"line":13,"column":18}},"13":{"start":{"line":14,"column":0},"end":{"line":14,"column":1}}},"s":{"0":1,"1":1,"2":1,"3":1,"4":1,"5":1,"6":1,"7":1,"8":1,"9":1,"10":1,"11":1,"12":1,"13":1},"branchMap":{"0":{"type":"branch","line":1,"loc":{"start":{"line":1,"column":0},"end":{"line":5,"column":62}},"locations":[{"start":{"line":1,"column":0},"end":{"line":5,"column":62}}]}},"b":{"0":[1]},"fnMap":{"0":{"name":"src/index-browser.js","decl":{"start":{"line":1,"column":0},"end":{"line":5,"column":62}},"loc":{"start":{"line":1,"column":0},"end":{"line":5,"column":62}},"line":1}},"f":{"0":1}}}